225
7692 13
9258 62268 598 75830 737 69814 12953 65003 97900 23223 3709 32481 43090 
5227 13
25082 74622 33407 93187 20469 40790 62742 56598 46717 81167 83714 7672 47732 
4614 13
76366 32798 90052 89416 44479 96201 11040 80231 6797 92694 38614 59414 4248 
8249 12
3773 34308 57437 38780 65543 13897 92133 96403 28731 91503 47985 37418 
7889 14
93459 59696 62479 63094 38798 63813 29117 38700 57142 59941 6949 62823 60155 42688 
1053 13
9059 76539 94249 7158 62683 10951 60524 66625 23734 44232 59152 45151 26806 
2425 13
75929 69596 6963 40514 66609 39646 4575 14697 21561 27363 6151 58686 35182 
9867 19
74718 2580 22787 63913 79933 77515 74272 15390 67764 4609 89611 67226 49063 86488 47324 39009 37607 80104 93080 
7933 12
84759 3183 19439 73831 18063 95906 46747 7634 10471 36875 57455 27227 
8248 18
29618 6764 18854 520 62936 67350 89385 2253 44384 93927 63578 32497 96671 15594 60021 6026 20244 36708 
303 12
65453 84093 31423 927 40518 19466 3552 46958 97510 68286 5342 50122 
9254 18
57130 79364 65220 96271 69250 15520 89 44040 77210 65499 71408 96916 58818 91670 72930 30233 20202 25536 
5432 10
54370 98963 91412 62423 93353 50624 60370 31596 84768 6706 
5979 10
51827 37042 88631 97466 25626 9291 14056 56081 99920 51222 
6107 11
63158 23954 7771 78660 80204 75760 57147 40983 35692 57899 54788 
9510 14
80288 95215 1071 45049 10693 82554 79603 46160 35269 613 7753 38079 55983 21123 
4030 11
75412 91076 29839 40679 79646 16822 77577 86330 82056 56908 79414 
7355 14
39465 99586 29612 14013 82119 83066 19447 77129 17706 94858 83844 59912 87476 85652 
2648 11
22275 17501 3526 15942 82053 77900 6454 2920 77955 39234 28915 
3351 11
41045 67224 82425 34756 18637 17430 84515 80184 27238 935 80352 
2472 19
96307 68161 94047 86442 42185 35422 83632 66703 23023 50658 13764 3296 7606 73210 5822 48572 3588 60847 58630 
5964 15
20461 68606 45922 19544 70568 85617 99638 56356 8230 11210 35164 95558 71549 70791 86020 
7006 12
34237 82721 13796 7183 49643 6361 90217 13948 87664 24486 15894 36510 
6777 20
4581 68405 59841 52207 16371 42518 79278 8953 20550 47791 18749 59693 95597 16684 13652 31330 85701 64274 15987 73363 
2267 11
39250 98789 81279 23663 36803 69389 45791 80599 41280 64070 14700 
7449 14
71653 6167 1235 72216 26370 84909 88153 37456 98622 28338 22395 88321 84412 49543 
7999 11
85170 26117 52342 3986 54378 84002 14812 93803 90678 2304 90198 
6554 17
82601 59824 16133 82080 59737 13054 40892 82120 10409 8237 50456 70023 69451 55926 3176 53679 22179 
943 15
43670 99351 78218 3654 92033 91791 28373 46855 80576 89207 43143 5683 73338 30212 19475 
5570 14
34564 89836 53948 39701 85598 17818 36077 47429 87562 73603 50259 63811 93673 53291 
3229 15
74019 65445 96380 76434 9100 35511 10429 45081 43248 60149 14939 25510 43290 45433 99601 
4936 13
73153 89463 35543 15412 3884 64855 31383 27357 71334 50521 63953 18614 28773 
8702 18
49276 33858 94333 3429 43449 75407 76138 92498 9701 74763 7627 75521 27913 79324 67586 93375 12424 66135 
790 15
96321 36328 89749 98818 59283 59817 64172 8823 36840 16554 88242 85961 77850 79540 42479 
2654 20
78135 65567 58979 34439 30789 86323 93117 44090 21143 66448 34216 68175 53766 56328 65732 26388 87261 24666 52135 56342 
8853 17
65909 32161 51409 93644 363 45558 52322 96705 91871 41409 45280 65419 5587 98054 3225 62386 6932 
2114 15
40958 61073 46622 16998 73809 86476 80922 49784 12604 55529 50480 14910 88984 97640 83510 
6924 20
437 28224 74130 79444 35243 72444 17326 99091 85194 63846 79063 72342 11872 26289 914 74778 21608 321 52515 71058 
1229 14
63469 79141 60936 76472 8896 50904 52749 11142 11794 69387 89893 42863 90096 79616 
6430 12
92679 42075 18599 10862 11045 18460 24478 68423 30973 69535 2000 10963 
9961 18
33325 12357 55026 89259 89342 39937 23498 32700 95507 80328 94883 80848 2819 79980 82655 28694 66223 54869 
4622 12
14618 7985 33840 31561 93825 31622 47748 91028 30984 78609 58468 71000 
7921 15
69348 87984 24677 21870 2089 8776 13019 97290 44069 50789 4193 92648 39108 58083 32747 
1015 13
81725 64212 19910 94087 37318 96884 14356 74880 74400 93821 75161 59366 20543 
7330 19
82553 49032 93978 98435 46124 7272 73596 67048 50827 1190 1405 43214 28662 2640 62179 36096 62727 99326 64336 
8482 20
16809 15793 56376 80066 48488 47033 84574 61594 37324 67501 10884 79819 81431 57165 35307 63112 73754 78597 96977 70288 
6401 17
88855 84454 27174 74167 61405 77939 72538 49157 86316 73137 57849 48665 15469 95583 54619 71744 29231 
8194 10
41767 16185 36780 64145 14162 2214 43912 42087 17510 97350 
9229 12
78486 46611 58849 82637 53451 19698 13919 31978 7757 70379 39452 3924 
1886 14
16148 76267 19375 77196 56011 27423 24943 18501 99025 34381 69917 90527 32430 23337 
7037 20
37019 80734 30514 12469 5450 47961 78772 65088 91291 43065 99397 53984 76844 56971 48839 83890 43135 53124 81267 48985 
9376 20
15653 7392 88445 60033 75734 26277 55651 16849 49877 53837 88507 86351 82211 17407 16020 18129 65801 22372 62276 63874 
4697 14
39002 74314 79527 27064 32573 58498 82069 82467 51133 81707 74605 61247 87209 41551 
5809 12
69430 76668 17349 57243 45830 98198 30807 4931 54495 62323 45207 86095 
9138 11
97334 83833 69369 30732 10057 85707 51783 53232 98993 32456 68391 
3269 10
74819 90162 4228 9269 10512 87766 97599 26409 91649 76348 
6334 15
68722 98173 35723 38419 40838 51969 14638 44348 10336 62950 46690 83404 8278 81539 32080 
886 20
87083 18089 31949 8700 99704 82062 46596 22617 39817 73724 99355 74639 59837 95729 1077 50608 56359 96329 78860 58244 
4491 17
64083 60648 75577 38273 66010 94349 46841 17103 71458 44333 95447 53097 20479 94315 92774 49410 38833 
3883 15
22713 60726 99574 45299 73176 24416 42944 51928 52270 48709 33589 97903 73083 44369 81808 
3030 17
89252 60121 26616 44062 87464 1862 20673 75347 57622 78962 6221 7931 19214 32738 16284 59720 25462 
2779 13
73747 41089 3059 88569 74233 15936 28814 89430 3307 36617 64353 70240 55666 
8900 13
23095 75958 13425 51676 56569 24089 23369 3345 69312 34517 99266 42659 89005 
251 20
96369 80354 30613 16364 6156 42849 380 68948 56930 43465 49704 88034 51726 36245 28038 2436 30980 41394 36247 42139 
9938 14
58260 35077 27421 20363 12168 85244 5561 96019 54067 99117 73694 45974 25607 14655 
2631 19
30747 72613 11334 63405 39248 49839 86463 92325 72913 51443 98470 46628 65968 91910 48846 27196 53154 95646 28844 
6922 11
76145 71145 32731 73123 68773 72703 51532 37901 56100 77448 41302 
7388 15
73684 21810 71410 82030 38012 63885 59189 95939 20490 62497 93110 31161 4718 79120 80545 
9931 10
27343 98582 66129 77884 10131 99481 36482 77000 62769 33918 
1473 9
86794 27947 90268 38021 80686 85313 66349 65158 164 
9616 11
26504 78190 41559 16417 7556 75156 1364 99815 17570 1692 86840 
5230 10
17882 431 36090 94600 52610 46552 84968 49765 21621 65742 
3818 19
55017 96670 825 37897 98521 75954 30574 63719 24980 21513 84791 88240 68854 85029 79850 77664 82884 36133 40684 
8470 15
66070 18874 36081 87214 30285 52814 18946 95467 52520 27881 60044 23644 31191 45443 54087 
5034 19
47622 76102 47955 66098 97492 93842 41607 83574 90296 63812 98359 64301 11293 42853 40859 50691 5595 65301 84833 
3615 17
5545 19389 20655 42881 28864 55714 18713 66548 78500 43477 51512 76189 67299 66594 95815 51367 96377 
1321 18
36937 55484 65200 49394 24483 78953 33092 86057 26460 87344 77875 34272 88593 93031 64958 51917 30499 63512 
9916 14
96141 86729 77432 22530 92092 1929 58820 80348 89381 1394 88744 95010 19396 75779 
5813 14
38329 36540 46851 86365 83785 40748 28441 35768 70239 19582 51154 86917 25230 40822 
5551 19
30948 61909 35382 69726 99068 29773 42489 12935 2612 53504 46752 2528 25876 40140 49872 42531 16393 82686 2017 
4479 11
45790 12242 27815 34338 84336 9484 26365 74966 68468 4310 4254 
613 17
98922 23127 6207 53323 3318 30748 62608 58538 58866 64411 66286 35584 58267 27843 1648 45699 29089 
17 11
72496 51970 7594 44591 25571 260 55850 29228 16957 45853 96442 
9437 17
9879 44727 61983 78864 18572 9563 42750 22126 84345 15267 57399 26585 7993 79888 54626 29046 63959 
3580 18
22381 24670 84211 93285 47553 29107 58325 12403 7837 33000 94672 88651 43312 74033 68291 26308 15914 54485 
344 10
57134 92172 57113 79348 55601 62853 59833 2071 48368 75426 
4828 20
21408 11114 44288 24202 41459 32776 80393 51609 28147 66981 30359 24457 91838 18825 91043 45350 54907 94398 80928 19797 
3845 11
2145 62432 81468 31529 55489 20060 12821 31962 70303 70331 64990 
7157 18
23266 63455 57510 89900 3993 128 74084 37836 65947 78600 84394 97606 25432 92177 77613 33485 82796 44223 
8208 14
60293 4970 95535 47527 89192 4513 72214 18566 64399 53248 87423 42598 98909 5565 
4386 20
50686 2757 70149 51286 41057 41768 1441 58984 20278 53983 74910 8144 51559 55159 25605 27770 63486 81146 76411 55589 
4704 11
14343 46492 53376 11965 96939 79826 26048 47679 66137 45187 88817 
7804 14
55552 3827 30785 79845 50894 51995 90637 72232 30002 71461 42228 65230 40986 10549 
6758 16
51240 76748 84390 9383 98021 12588 14468 51129 47767 75931 70458 68806 85943 71755 37924 20052 
9134 19
968 86535 13392 78146 82551 36801 52253 99977 46377 44669 67551 67797 61407 42836 67811 39648 64323 57053 89613 
6262 20
46852 79897 27910 69858 67794 15210 90285 31089 94372 31805 26480 65048 95424 98920 89241 73243 36002 70207 77843 93060 
9663 13
3518 88994 79944 66331 47936 33696 28336 5190 32752 6858 23532 58710 46601 
1267 20
2829 18473 82685 91226 67886 90776 62486 9453 30878 592 39525 34469 9506 53688 5885 13994 40834 66432 17825 96082 
8659 12
70857 28136 33893 46930 16263 74354 57540 79943 71598 50837 50421 36054 
1137 15
86110 75813 89486 38498 41013 181 49964 53183 15617 32799 73122 23843 52467 49198 94733 
1456 16
58663 82125 93384 47245 32097 65834 47831 4361 16266 67018 85133 98342 16986 85686 47366 68541 
8914 18
33273 1541 13711 27025 88492 19697 53115 29593 97396 87257 44131 55389 88861 18351 75799 20362 72246 34433 
3949 14
60455 69284 99442 78969 90956 88990 67446 64568 64777 40925 97506 1946 31829 18505 
106 15
6056 58193 20920 48513 30504 3165 91734 41833 69932 23403 35643 59881 27316 55820 13369 
2792 18
19701 3179 33937 34739 89354 46119 1782 56006 17264 14905 67056 51398 92411 11025 86774 49390 59537 31321 
4835 16
24054 30405 58591 27540 52862 75037 83536 92980 67059 25544 77233 68754 95528 60749 90981 99957 
3831 10
97043 32625 8482 45229 1385 96074 95758 37192 52117 45262 
7628 16
87650 2879 52003 35214 10898 28613 65604 16982 12922 98977 7190 3466 32285 99780 88380 56665 
383 15
4887 67988 20909 82241 928 23838 54707 92070 32051 91316 69734 94186 94394 88866 4838 
5876 16
24039 7802 8728 28293 7677 24128 33647 41663 33224 2520 87358 63167 4507 35316 22973 53279 
3919 11
69802 56056 15819 89941 4461 94347 66590 40245 21917 1184 90734 
2422 12
28351 40736 42809 88354 3015 33980 72468 11226 44502 76872 81375 85970 
2810 14
22565 19048 51528 19061 97101 20616 87619 6405 96518 31727 89705 45996 88796 36956 
380 18
4925 80445 72571 94575 86526 58356 4209 22398 34509 48622 86464 84231 97701 48804 67749 36684 10609 84388 
339 18
77635 27942 79228 69372 88088 43697 42160 36061 19998 34201 52082 13498 86688 37593 46187 17915 72357 55575 
1504 18
39026 12996 95023 25159 10783 76629 36228 81801 87612 5201 55493 48312 33029 6788 60114 73289 27272 89495 
5878 17
9243 3227 84287 37761 560 44649 74694 59590 77185 40835 99054 54676 66952 26382 76678 69799 24235 
8855 20
43694 24800 38041 77332 52502 20054 28196 2662 83507 710 33684 60260 43567 24195 89841 67913 91202 53255 45960 96934 
6165 17
18391 68319 7044 3006 13998 77338 98979 4143 88416 57708 40650 42938 94504 56194 455 4728 44857 
4649 13
74378 99336 13956 60672 10213 53578 13989 84658 48437 6945 72713 83428 60896 
2815 12
24834 75471 59165 63837 82904 54635 42252 44831 25262 74300 61636 29179 
8917 14
6604 39083 60134 22365 61097 40941 14901 10177 65614 18745 38007 42526 3456 32911 
681 10
9145 92045 96612 55319 85624 67712 7156 37900 65697 96696 
4237 16
9411 94940 97449 96340 82757 20598 6141 86831 47795 45943 55945 99380 30145 8390 26204 84793 
519 16
23770 916 36317 49633 64075 97601 70339 4303 42722 47844 13927 24464 36994 54728 94968 80193 
8873 19
95587 12894 39456 13408 14974 20192 10726 28930 12952 41699 16774 39483 93445 68268 95808 79786 74413 48072 92255 
4348 18
61654 11363 29073 14717 52837 39815 68576 68371 98450 81589 847 23590 82019 8148 37991 69740 37602 57426 
4490 18
6041 73008 88257 39788 73041 49258 94608 95526 19038 77937 62514 44635 83630 70238 16060 81386 71337 58202 
7977 18
57517 85101 18676 16514 13108 8182 81155 58806 60431 52968 22995 95919 9618 8250 63465 98237 1113 73858 
1919 15
78707 20780 79416 35710 88640 11717 41966 60178 36111 49303 88899 99381 59099 41841 7596 
7787 15
14063 74292 46838 93513 53134 43644 10289 40768 67639 30981 67396 52185 85869 77519 79037 
5874 11
29896 89584 49442 68608 26282 45223 53553 38016 95237 52348 20119 
4711 17
4048 10167 78323 54129 21121 73887 22778 13657 38028 54267 15505 41359 77154 25216 84537 27256 50838 
7316 11
25714 97641 1264 26542 15957 71544 28563 247 15385 85054 54913 
8989 19
71547 79068 36422 90827 36103 43675 81799 7459 67915 88693 51990 9571 82394 77555 50402 4882 85112 38628 6476 
1727 16
55272 55458 13730 13524 24627 85894 51771 61017 43486 5512 7894 20972 65855 54561 78421 46785 
5310 19
22487 96402 76641 31916 83429 53672 83030 46404 31827 64901 39682 94736 38852 15813 606 6534 45286 63451 49946 
1488 13
37975 14619 97224 32887 33891 80258 1762 94939 39288 22695 94462 5672 24347 
9202 14
33126 49348 58758 85495 96604 63650 40365 16826 78297 83651 31009 77606 52936 17710 
4458 15
65774 52307 39226 5318 73688 3846 1043 44038 32613 33128 50213 19811 84283 17621 67352 
1540 9
54618 80872 78043 46416 10170 95986 13159 39918 35972 
1689 12
93148 4980 80118 23847 61250 54325 38963 95323 44785 44913 14729 25335 
4218 14
98047 67371 21671 53658 49730 8480 97558 66872 43808 8403 65957 50331 84894 33018 
9586 11
13195 87166 20877 50989 6139 89181 75218 68095 371 1603 73779 
8435 14
12474 61744 64775 18272 94271 53722 15115 26334 28007 91080 85914 28760 55895 10502 
2851 12
96933 67398 62059 66978 11785 57974 19101 38856 33588 2466 96872 48158 
4223 11
49541 41479 92786 19564 76498 99265 17608 48817 1976 37470 69817 
4506 14
9268 88297 5368 7121 93152 39993 48250 69560 98349 63107 32001 68459 38358 46480 
1777 13
90073 45486 43822 89216 93435 12267 77184 12658 45429 65113 96529 13881 18594 
6224 15
99486 16667 83248 54182 34784 54759 29149 47338 59495 14464 81674 29991 27734 88865 56907 
929 10
27796 95539 14681 7767 24062 52453 13568 34808 21096 63957 
8767 16
71831 22457 31556 72089 20778 9260 5732 37639 90014 82690 50775 19204 41384 70631 49024 56155 
3015 20
32227 57506 61320 60802 62459 50932 12014 45619 10788 56574 45093 4840 84758 44696 34244 94206 34807 18432 59103 55366 
4242 15
24497 69758 98824 37964 11049 71864 46071 61676 86071 51489 22165 12648 83465 31068 11014 
3452 10
99756 75481 34800 90839 35155 37982 56571 8284 86577 27126 
6114 17
86588 83619 96070 57981 25827 99589 37662 19085 48660 39902 11584 43553 89085 11997 82773 81749 9083 
6865 16
10982 25584 25736 72904 36107 41846 31462 200 39201 39906 66338 2534 41521 21469 90230 43988 
2651 17
89695 98402 35995 87639 66504 303 34930 90615 51735 15485 33345 84919 6709 69343 7277 40436 87520 
7701 14
51949 89303 39001 38938 90270 47551 48653 9529 27775 37174 73880 16278 30542 14111 
379 18
97232 47267 64684 72588 39454 89172 48493 6458 32075 40299 93399 97853 86948 49135 83468 58268 50125 60701 
7465 18
8736 83690 78301 1415 47497 7105 90797 85514 18598 89671 97822 48741 65252 80338 73454 47669 30016 46289 
8878 13
20998 26366 42977 69458 53297 78119 27747 40991 54145 95343 55550 19664 92024 
7424 19
87547 31399 58581 66877 56597 37115 40705 68365 93336 35913 32975 99761 32507 15121 79582 21074 99679 96478 80275 
4231 18
24035 52359 48429 68464 17548 96225 21764 6070 7049 83453 26108 37715 90565 81509 33514 28 93013 22830 
8568 11
91576 46409 33337 97580 13178 1123 34702 84070 55844 26246 29163 
8008 17
69813 78634 47538 69382 765 86370 38386 93520 3839 18070 35381 37017 33914 61943 23597 50829 71377 
1628 14
2257 19175 35945 60240 42398 37666 85298 25392 93789 56640 52569 11865 13112 42777 
7572 13
305 90402 43237 59541 30264 47619 6353 86622 88286 95361 75922 85774 47174 
1259 19
67866 49760 76400 61958 61386 36579 83618 42156 8781 39047 98368 61376 28781 60630 75573 56051 56803 28266 99353 
8079 16
21614 78175 7197 41092 88329 8205 35705 81894 40346 18718 14251 12234 78690 61137 82065 42415 
3792 13
1063 52854 1767 98249 66718 92435 82939 32753 8578 47166 52065 9826 75482 
9447 20
63821 14339 38150 83518 20351 42871 61857 98621 90735 33653 76725 34612 38320 89681 410 76262 673 38593 70663 38493 
9262 17
29760 53215 56822 45949 61316 1725 84435 50119 21529 59008 29142 36382 49295 69915 71584 67106 58501 
5547 11
35887 5500 77659 89992 79694 9153 71951 77720 50578 49370 3379 
2439 18
37296 34683 58292 22781 18655 89853 40997 60571 1393 62374 72196 40900 76233 25776 33602 50333 32517 66530 
686 18
99095 33649 14270 9428 37056 20731 1426 73923 44873 7977 7372 73439 14101 58208 7064 49054 36535 69344 
5332 11
50019 85506 70194 35405 24147 45644 15648 47869 4608 32462 70680 
8597 10
87098 31225 35115 18008 75351 39166 95454 33435 33093 54504 
9291 20
66701 6043 28222 43178 18872 26874 28135 70367 77294 85620 21108 55315 98661 31620 67203 49163 18754 90997 53569 61965 
7886 12
32505 10279 69086 60473 67073 49035 68429 92650 73978 86646 69964 28302 
3865 10
73034 38846 92300 56899 90434 22710 96823 59457 21619 44454 
8569 13
50467 52315 85709 22059 71048 61663 86805 2644 38083 20946 27666 79948 92334 
5517 11
11402 44233 34273 23732 98855 45095 1635 7557 85465 23351 1320 
7164 20
43695 32675 1126 15824 4667 89788 59655 92743 11969 26683 1665 11250 51026 22616 11034 93598 46932 51927 88532 16300 
6236 20
97316 21997 23755 31748 6736 89011 67257 89773 88550 71100 43916 49075 85494 37495 74537 26472 72514 89336 46152 95663 
7634 18
6752 43729 62194 79671 84565 7308 79794 73185 87371 30971 98006 14300 97306 2837 19427 68475 29078 59905 
4615 9
59856 34966 44884 76814 80995 79043 26148 94557 6680 
1308 19
98799 94006 78234 54475 18345 24003 47574 96708 42318 69792 5425 72568 49382 63857 45173 99755 33440 98811 42684 
2950 17
51902 85026 60688 45889 7142 8942 40220 2368 63046 56749 470 42157 83459 20163 81137 33043 6025 
9191 16
79749 9796 32046 51279 69151 66445 23001 71029 26858 72194 52073 97800 89733 54028 4274 13205 
9681 11
2477 25449 38219 61843 41102 12140 13188 69572 2518 85436 44427 
8108 11
54584 43037 27661 17390 79593 50028 90571 95974 40497 66980 42241 
8982 15
60915 89082 80064 79323 39197 87726 86490 64244 76643 47826 20310 5325 22153 66278 59681 
3674 17
34892 62395 46159 59853 32641 64943 29964 17959 87357 95644 34453 54373 13548 24376 5319 86203 78806 
6317 12
16788 55362 91565 5059 29715 14393 34123 65067 26906 51179 21401 70562 
3136 19
1049 41703 16493 64649 30424 54903 41275 93430 9662 60496 88802 68453 30077 21584 55582 61342 32288 86859 42148 
3045 13
39703 58040 60553 62891 602 49107 49542 5849 56856 34 59391 68613 67923 
4696 10
51178 13021 71248 22119 83870 99763 34933 77041 54663 12829 
1815 20
72742 36287 7803 21898 52911 20432 19271 72567 62223 11558 32932 96408 66241 73409 93261 53452 77584 11472 46231 39778 
7778 18
43455 51033 42265 33584 61798 14991 94425 50747 59063 2459 51192 50991 73390 5864 15216 88405 29778 36990 
3539 17
34828 16343 46515 20542 96834 42345 45018 50020 54049 15728 20962 18294 92085 3020 49967 73737 526 
5758 20
61545 1403 99490 80 54204 12602 67954 48164 3436 37853 97151 17656 4348 51923 89409 89031 78482 84864 69117 57339 
3988 12
29561 30760 70163 47779 42646 16080 36117 11618 21447 92530 65197 95381 
3120 20
85769 95577 16260 75149 81665 82105 74725 80761 92494 54200 41195 3756 72215 99902 807 70284 86000 89957 45779 63599 
9838 17
11318 78888 90184 77317 2041 7403 27486 56015 59402 7443 33755 82138 99865 37578 13322 94437 14368 
7734 20
10068 96541 70372 41152 90738 47672 12479 23806 60539 16254 27975 59922 25989 42257 108 76638 73853 95683 92277 95387 
9396 20
88981 14030 17547 50439 85956 56123 58484 39624 73282 78077 20884 64352 29758 33372 30473 73014 52455 6383 69794 54637 
6475 19
37398 53368 11961 58887 76173 5887 11868 76975 74108 10604 65414 22107 66303 23436 99870 651 73577 14540 12560 
2194 15
33178 16174 42125 12244 75332 76826 79382 3153 28894 76571 95689 67640 86306 68833 63168 
3882 12
36839 15361 69472 19096 14591 49323 59879 97302 96397 11716 40561 70321 
9463 13
4551 5247 29093 33674 20179 21219 77451 42681 71472 12448 69491 30440 43157 
5263 17
90365 27573 78398 32725 63602 37405 41725 805 21385 36344 83457 35600 38744 64389 15260 34601 73291 
4904 13
39931 9774 14852 24191 65873 69419 64382 85045 2168 14773 94890 75519 92838 
7079 18
50656 43556 63358 60899 2371 76898 1210 74604 88934 58465 56595 99895 28706 11762 20292 11585 14711 71131 
9635 12
63684 64192 64695 84778 51233 49043 36346 63522 18339 36307 14909 56946 
5569 13
49204 54440 1429 83966 17805 9565 42224 62797 3796 59384 84254 34230 64850 
3324 13
29258 23321 80630 63487 63905 77126 6316 16067 65658 27589 49851 98469 56075 
7556 11
32630 78393 25390 94494 64864 20587 28347 12878 48201 78319 44459 
3162 16
46635 50177 40323 92112 90027 48889 56030 36009 94050 38786 44136 7200 26920 15787 57718 37771 
7917 19
24597 90294 99558 48777 30818 32556 816 35311 14609 21461 390 17776 30828 87359 5922 15097 43116 54677 67168 
357 15
29489 13082 9152 44175 68392 93205 65813 80180 19929 56416 25803 10222 33060 92139 61351 
7042 19
69648 27467 92896 1911 18938 87349 79123 18110 94727 10231 24343 77640 38712 64879 49221 37687 72464 42074 60582 
9917 12
1228 66164 63004 60850 26075 71217 27128 76395 59759 77235 89780 32467 
244 18
68514 79153 97936 51324 79996 93849 33480 45461 59760 48079 78929 38566 3219 65886 17087 51630 50970 43784 
3380 16
54155 43326 84465 87700 32782 62196 925 94748 10003 17372 11619 43860 57145 5265 42723 521 
