801
15 14
83108 12330 29618 21436 2196 17745 59740 8913 34990 81548 23394 97244 17740 1051
16 18
19163 79317 86246 21273 80933 45051 78933 69365 66289 40720 14484 31044 12081 46212 65538 46573 59477 45060
18 14
74125 74997 29586 69057 73308 55842 56601 52255 64396 80302 98878 35169 75224 52395
25 11
87370 26816 5898 28562 87786 60620 97951 8959 31263 16523 69060
29 18
69534 23600 50056 97733 99675 77350 68691 33336 55674 80009 69361 33042 12708 68449 66311 77682 80532 93750
42 15
65467 4919 10211 29654 72038 8725 64401 83940 93173 27005 37126 5504 75467 75269 89954
54 13
30585 49211 16396 81349 97254 1443 52778 42403 72890 66803 13920 25896 84312
58 13
26116 45516 86222 82981 44540 76612 4043 54095 92131 38991 94469 20337 29746
61 14
38128 99911 81777 78493 4280 91434 91850 270 26630 22628 30734 10448 83635 26401
67 20
13875 66461 97315 43389 70823 8420 56251 3776 29957 43532 19160 96609 23088 78606 53171 38474 17819 80138 10379 97380
69 13
35067 52387 61912 11810 5808 92147 65739 24952 86023 84681 51531 68154 61389
72 19
52737 63639 16099 38635 60433 17698 12452 59615 91784 54942 4102 4881 11162 91093 48253 46450 89314 86298 78903
75 10
90752 28878 19632 65236 45665 80304 92243 43815 43652 72551
81 12
44840 13133 10508 84897 83633 50891 62136 36541 31915 46586 50496 40496
83 15
20825 17989 80483 85294 83179 43912 68141 73003 65409 13463 72666 41578 96069 31628 28287
88 17
96717 16004 83687 85299 8235 42841 15842 95943 30039 16584 13921 2478 83567 64710 71517 9925 92257
92 9
76538 23932 42710 57354 37274 9131 33545 87154 73669
104 17
57272 71482 25130 1385 40195 99872 33150 8280 22166 29800 44000 34586 8094 91304 10565 4844 25835
107 13
11806 61850 50847 2626 33607 11429 18315 52031 92509 13672 321 48205 79550
111 14
97759 78382 8792 45472 79430 40466 1559 61427 15253 20320 55457 38153 1692 70445
115 10
60419 5443 55235 50746 99249 44635 96238 15264 58775 76397
122 7
55902 13385 78834 47800 98090 37843 22078
124 16
59965 98554 72008 15396 14797 50535 15639 1761 42217 95809 85089 14060 27245 73992 24050 24621
141 9
21027 27534 1616 11061 84401 33554 42032 52135 61373
144 16
48185 22337 44290 92868 82951 431 98171 5168 81337 82815 51871 66224 74147 36936 19783 17601
147 18
88118 35845 68662 10586 22178 94927 19749 63425 52718 14550 37740 53926 37483 77014 55169 25669 37898 85475
156 11
36043 47307 42859 46885 20438 73296 54977 1251 65197 15885 13469
165 18
29967 88798 33518 91426 77356 78531 71402 57068 78600 81958 76135 82111 6338 37089 28355 56855 77458 70232
177 18
722 45612 56541 86060 41033 63728 58838 859 38787 24856 68856 58466 32108 79625 35086 74013 95196 56212
180 20
54866 35394 87213 31588 65750 57753 53633 97815 84541 75870 72660 20863 3243 79716 862 98128 71005 52970 56086 22770
197 16
66822 24851 10421 47884 60766 91460 66394 55961 80152 27485 90359 44601 15815 28875 38155 63467
198 13
38878 64023 86139 37953 40934 42091 9872 46140 19029 11316 3333 79943 36870
200 18
51575 60053 26181 31027 29706 95173 64627 78464 57090 15101 58943 97659 30350 31708 66573 90809 26167 89919
205 17
85922 81965 54398 15899 22789 28752 5036 64997 67607 36301 35266 89409 17610 66489 38482 59987 48013
215 13
53445 85451 73349 91887 80511 58909 94955 75230 57002 99274 66100 89190 57345
220 19
18369 33342 27476 79410 48577 90127 92984 17440 813 51537 19587 16920 42679 15813 53737 69313 37332 58268 80199
239 15
12443 49031 37133 18200 89876 41516 18522 1599 82499 98361 9766 72392 70868 73369 71350
242 17
98978 10820 78106 86949 17280 10942 48235 89742 43269 45438 70018 395 23468 19002 189 36153 20744
245 17
82311 93787 21579 95513 33358 43905 21775 13505 85377 35988 9366 42277 74282 49980 26545 19063 12185
248 16
99836 31765 41711 41047 14983 10590 71460 21590 4364 33656 42868 63932 9102 42673 45880 84520
255 17
65354 94936 1534 60046 53204 18475 34142 28377 61948 79133 94892 79059 5944 46524 5672 82915 39570
274 18
25880 61834 78870 39445 78607 60929 93847 32735 68208 44588 16922 63867 85834 20047 41942 97174 76837 11253
283 15
41323 69277 2751 80348 48462 97229 17523 17747 66568 37540 89784 20758 53977 97389 34533
290 14
23235 75750 97769 59035 97713 59417 21136 16298 91328 99901 55135 35459 26169 91032
293 16
23028 46410 87656 21757 66807 98159 52805 74344 19233 35161 88008 15322 30919 1378 32085 89089
296 18
18353 5286 70315 95246 7083 32470 44461 68972 18247 62489 80421 9523 34131 34006 20885 13780 53679 13112
301 10
61545 51829 97084 97823 79443 59599 43797 27535 32502 80619
309 13
51725 43885 32493 9524 84177 73142 35295 65057 85953 19890 88030 60152 79531
310 15
47216 53010 75665 91758 22665 18449 99948 9345 27463 83307 14930 17185 2192 58340 56999
314 15
64334 92456 70539 88138 64337 84531 10109 22302 60167 59963 50012 44995 93867 1523 63165
317 8
62775 47106 35908 91989 5507 82751 14071 87192
319 13
2162 30045 3195 12761 61579 29987 13491 75106 55351 108 1286 9703 71080
322 14
47789 96607 98762 24630 11553 6746 72500 65870 52127 26229 22915 41345 86071 37233
336 13
72530 78480 20031 4018 4456 45101 708 35413 14879 69547 68306 95097 33376
337 14
54872 92029 36601 12478 22544 14332 92183 60537 2378 90248 60311 21105 44595 42781
339 18
77635 27942 79228 88088 69372 43697 42160 36061 19998 34201 52082 13498 37593 86688 46187 17915 72357 55575
349 20
34171 99807 73350 59352 39545 93253 97265 18167 87536 20469 71808 56492 55168 10212 49971 45706 92378 17897 64201 83215
350 12
34408 55647 39345 8204 77936 43238 10810 2565 28363 4757 16689 63551
354 12
17591 91603 31721 12881 25768 96198 30651 36524 40715 7916 43612 875
358 13
71018 17648 80552 24525 82429 61764 25027 26921 92882 74558 13196 72306 99987
360 10
18869 31367 77074 30215 80851 80824 26241 19893 9390 51762
363 18
66598 40487 33729 65294 53122 82794 90484 53736 90068 42838 96606 78075 97712 11267 16716 80368 37433 31948
370 16
32555 60985 72080 46210 29325 96575 4267 68900 32684 21353 18799 48966 66522 99380 12080 94177
371 14
94840 59367 10165 48435 49930 95536 51237 97230 4481 76161 368 76661 12359 48248
379 16
97232 47267 64684 72588 39454 89172 48493 6458 40299 93399 97853 86948 49135 83468 50125 60701
381 16
78218 3837 23543 97925 40665 2754 7 17315 8747 13349 86835 75098 26995 41769 64923 83622
383 14
4887 67988 20909 82241 928 23838 54707 92070 32051 91316 69734 94186 94394 4838
389 17
60971 16355 31056 56458 35995 91243 97289 85213 35872 89658 98125 80513 60813 46437 2817 3777 62520
399 11
83483 16700 92949 44405 72616 86560 58319 55849 59660 36203 5660
401 19
20960 86633 88244 37875 48257 75380 61483 26745 13769 45239 4749 54414 2236 58449 13170 56920 76566 5896 17057
407 13
80675 67822 586 18420 6225 63462 75547 24876 85883 43265 97045 89988 71500
410 17
97393 78865 36890 41174 58919 65641 80829 47334 2897 2155 62165 51626 88539 16982 10196 75795 86274
414 19
61099 75477 78367 72431 67594 55000 82540 47195 43849 12491 11876 3857 13209 30257 35170 4391 134 57632 58203
416 16
85782 1508 348 97542 84065 19674 82929 10280 78548 57140 61397 58698 80870 71411 96196 27052
417 17
95889 42052 23860 47041 93582 99685 24763 10368 66048 96586 15324 35858 54617 53611 94957 6910 1989
426 11
44266 98210 47318 34598 89569 63707 6427 49744 69733 5242 48728
427 10
43303 77656 92463 98000 99282 75089 50193 77837 97772 40282
428 12
7788 82063 72723 17920 57072 32829 57126 70490 15024 59948 53124 53465
429 17
46763 22388 94069 74594 7651 97297 65576 34658 16011 90776 52052 69309 4563 74800 12563 9338 50240
440 19
98786 88277 64025 52208 90229 29751 52863 22051 22669 81887 96386 14865 17196 65068 72845 22116 75875 92904 97381
451 8
55813 62222 87307 46950 94095 78636 66191 55199
456 17
59989 9380 44679 53796 87689 37620 60387 94108 62416 41921 66596 7165 18127 65439 18385 71859 55689
462 16
45164 73681 76817 84319 29109 72407 31505 82077 12322 96865 92412 36722 36094 65678 88288 11995
465 17
43614 31246 27856 57715 43640 48125 5493 1139 82793 39961 30843 54490 666 22169 11588 36875 32334
472 14
38885 57381 12303 16126 85636 4297 30478 80323 31706 9276 30619 72355 25230 6114
479 13
15992 98692 4191 95716 9176 77731 70053 95650 90023 13011 15780 31568 65438
486 18
31791 77753 78122 28477 80033 30785 32434 21153 92546 17824 1886 74082 16438 57487 70433 35600 62384 97830
488 15
77241 65737 28850 9180 87425 65211 30759 8544 47487 26991 98260 83896 35973 59801 42727
490 10
104 24207 53040 44257 5411 97000 39605 30696 10519 88188
500 16
22260 22226 94222 53816 23993 71608 99206 65414 25274 78037 98148 58655 83347 66310 91652 57125
520 13
110 30948 34091 22444 90702 13745 19502 41348 61116 13982 63571 81727 24213
537 17
81581 98569 2473 15699 17842 76734 51889 86922 85228 30595 26854 14282 98577 25397 39709 27234 81853
543 17
37868 5696 46146 44293 4937 725 19853 79899 38004 46859 27322 31781 80110 12440 41736 64299 58559
553 12
14976 47859 86338 11263 68602 92964 99737 94079 4588 41198 24031 85293
555 17
47424 52560 52206 26049 13054 83947 81758 35007 11256 67932 29929 29340 22635 37310 57518 79265 28172
560 11
494 6850 81791 41064 43582 81657 50900 51380 15010 31826 13308
561 17
58923 25871 51720 51002 72772 81332 85188 99897 8987 97800 8806 97761 62468 74585 53763 95256 96955
579 8
67171 40520 62224 45252 75165 71023 66917 49017
585 13
75655 40085 98225 62068 78187 28778 72114 90553 22158 47000 10728 95338 68035
587 12
9451 89899 80208 79343 5159 56129 53810 43069 55872 73207 14665 95174
599 17
87928 87674 25834 20019 23800 91700 95277 70241 2772 89722 11155 12746 86730 56373 84613 77874 65840
613 15
98922 23127 6207 53323 3318 30748 62608 58538 58866 64411 66286 27843 1648 45699 29089
620 16
17004 51858 27378 10717 63067 76139 30153 51771 11351 53525 52399 86290 75530 90128 31142 33339
625 13
33117 30496 45573 83509 43832 69751 47274 36083 40621 19915 14438 67329 6725
627 20
38799 52170 75802 47618 17668 18989 60962 60226 92874 61874 46427 13907 76493 20137 39432 94802 41993 49106 6016 74570
630 12
25126 12850 11154 98988 19257 23529 22262 96602 74942 13442 81689 99705
637 17
76965 47643 81280 27172 85689 36630 76310 55018 86656 40066 62392 69260 53337 63248 57881 33750 31175
643 18
36961 8537 1126 84711 39678 4375 16021 99460 28243 62582 55374 65144 81916 71602 87427 23442 73064 80377
645 10
35601 34872 47155 26267 41048 6448 18510 98599 55001 84181
650 14
78383 33694 61008 44740 18275 60100 68345 50898 78483 59551 68353 26135 4701 88226
657 10
56560 83887 42847 27863 28948 18766 62073 35060 7188 39742
661 20
66405 5110 9112 86001 15973 44823 41272 55860 31489 49350 26557 15297 25973 50977 77606 46618 83190 32402 87312 48941
667 15
85898 42355 4430 6328 76211 92353 6330 37390 1529 84084 65505 42870 28636 49708 6535
672 8
88872 26742 19788 75845 1186 97881 28266 64764
703 16
75982 73048 97238 39014 10282 45427 49317 79756 70286 36614 56745 89033 66951 23091 49338 86055
706 17
27067 21956 96598 10130 20981 68665 1804 90300 9322 10091 2442 28375 15331 33992 13147 2800 20841
713 17
74248 52742 8217 89016 96448 32643 82198 28565 49475 45387 28713 87028 91155 3566 40408 61069 76825
728 9
44705 5031 57477 99924 71880 20376 5940 17456 71631
733 19
5837 27665 66261 95415 83833 80266 76251 10133 65928 13284 67770 49094 86454 92955 55817 39705 92724 79180 74547
751 18
15713 65399 41058 94239 59492 70627 74094 92605 59538 15535 18471 33695 5449 29854 275 91075 15151 51453
752 17
91548 43031 26416 81483 94303 39254 72792 31700 70551 61302 18064 93744 55619 16350 28446 12133 30917
757 13
46677 46077 81960 66258 3877 6899 85117 30516 80031 84610 80165 32956 89299
761 13
48972 80 74057 56569 19086 78198 3173 83109 83408 76379 1932 21964 82130
787 16
44816 28862 65673 87547 39007 14260 18196 22951 58404 26830 68117 56648 28770 97031 28454 93804
794 10
64596 9991 14396 19740 81411 94453 19564 26937 19230 74291
806 13
82846 2074 25022 59283 77280 43249 93536 91541 81762 43442 61355 71891 68168
811 18
68738 11148 19254 50881 84120 18871 36628 87977 58470 32257 60123 33777 43056 66814 13093 87847 7006 94207
814 18
93737 5977 97902 36942 63855 75362 84488 50581 93376 94732 17022 52641 84848 46466 74620 55991 23036 41032
820 19
66360 44370 86250 44633 9376 26664 82097 88971 27479 97361 54419 8452 20672 60338 30251 83119 81969 52153 17999
825 18
72176 88894 37375 63729 32974 78064 83695 69306 49609 20058 19761 16387 35649 44047 62630 72211 9758 96894
829 10
26965 11202 71741 84083 57872 79013 87347 2020 64598 55346
835 9
41540 1114 80918 47344 50444 17674 37860 91543 48122
837 14
61215 82321 31301 43033 33419 4961 21657 77 63424 37687 60181 17330 8202 54275
840 16
36179 11608 24554 12625 80803 13123 15538 49731 27925 80058 31436 93694 40919 4366 56240 7307
854 19
59377 95779 5310 30572 78498 59064 59807 38894 81781 22817 20317 70000 24645 92231 41059 46127 68050 99670 41186
871 15
30799 36114 11116 54053 68576 52377 94721 50882 62292 20631 33691 27474 90507 61630 20914
891 19
79752 61413 25101 6322 10855 2533 88916 76477 44791 69921 77788 67375 64491 74930 68095 39858 33768 87948 5752
906 12
46263 73612 75208 2770 87150 36627 24241 11604 44052 51287 28069 60103
907 8
65743 45218 65891 47831 74734 38694 22820 36274
908 15
58626 30744 95934 69632 91148 95210 53434 46361 20747 18170 4979 79850 40632 6822 10315
909 17
68062 53707 92502 8163 3975 87262 94417 51278 65927 75877 24854 27663 33171 17502 87173 42366 89774
917 10
60729 33126 44084 59516 3449 99771 38274 29121 85545 97211
918 11
67123 50540 51025 92080 12247 26656 3345 48558 76152 50606 26806
928 15
46933 81869 14961 28109 16047 28534 919 488 63385 43078 66655 20221 89887 507 30920
930 20
76659 68975 31670 55988 8878 62830 69252 64149 64593 24066 24536 68671 30940 60154 32075 69882 98123 50122 77709 15374
944 13
90983 76846 73974 38539 45558 8566 19856 65507 59276 77768 73488 37178 3662
945 14
92601 46515 19221 73256 79334 62066 33302 17173 15560 54232 99617 61938 59483 70182
949 19
83829 34020 86022 75318 8189 44036 27370 29480 46937 35429 96095 81237 16433 70208 51721 99103 85625 66774 85340
960 18
99227 46488 5744 96800 98653 69955 87879 87430 10369 79697 76569 84332 81617 68638 26015 72642 90819 4926
963 12
72532 30255 80121 28885 52089 83507 75948 83252 91036 1039 37402 6568
973 15
64268 34780 92156 60779 6862 46139 92793 61097 50798 94639 67173 83999 18062 56535 91042
974 19
81697 59541 50200 75170 44538 34577 5647 59834 90806 52218 29246 18023 8501 2107 95871 18860 36841 81788 50584
983 11
1403 13684 44155 21861 42650 23431 94891 22963 80601 74032 8149
988 11
25124 5653 60135 82782 51099 30576 680 63674 94636 6369 44001
992 13
98770 72826 96724 97559 61062 58804 85969 81467 34783 87036 64705 59591 78950
1002 16
75761 29363 28160 27661 9968 61038 38792 38278 45978 79194 80553 49726 53213 43863 51557 64128
1004 12
70011 99535 77426 40950 71759 19231 24346 62479 71234 2399 7509 87426
1023 15
30515 43370 99039 83452 55186 61112 89160 97587 27354 97098 85591 10828 94739 51587 9084
1024 11
20277 68426 58408 82442 61721 38759 52032 4972 22368 24268 32114
1028 10
6622 60552 44539 92049 4225 77170 98360 88525 46773 48004
1029 10
55391 52505 25966 90196 15258 7468 79024 64097 19794 2582
1036 14
92931 27438 96319 295 39091 73575 68330 55088 52614 42501 32080 72525 48263 41086
1037 15
86998 61415 23309 90382 97148 67113 17608 38137 59650 89697 11076 46511 59078 36246 91667
1041 11
23470 76267 39044 93566 18919 57473 10289 73870 94426 14469 54408
1045 20
49560 38313 39892 29992 91949 56316 87873 43439 44114 20566 54028 41485 21886 90560 63622 77344 95978 20595 25087 17105
1048 15
40363 46095 36777 73942 94677 26530 98940 2719 87605 93924 35936 80509 2777 48944 51088
1049 19
60680 77276 58459 18847 95406 75843 66147 96474 8378 97751 37155 52415 6246 42964 96767 54415 85078 3703 9900
1051 14
97147 3680 71613 40752 12699 27340 61279 70242 42308 65311 54663 12450 58128 41191
1065 18
9836 50281 28543 39346 59899 88148 36080 33295 76483 9015 54970 56400 93966 73016 78289 87160 91882 77947
1071 19
15724 93264 18563 58381 69803 71649 72878 54740 51129 95444 95131 16958 24067 40591 6476 6887 63642 95206 32627
1086 9
35102 5810 33845 67639 92886 47250 76487 16383 60512
1099 17
36238 36492 46920 81056 429 89199 67660 74838 9996 45774 36520 85532 9047 4067 1075 3027 74087
1104 14
69450 62150 91881 77783 92947 71384 3022 3806 94172 17348 41195 47255 58287 55890
1109 9
38329 61713 14698 83089 74628 25962 65141 78813 29735
1110 14
13971 31146 76657 81924 79109 52822 46752 79216 17878 11124 63840 82667 46345 94775
1122 16
77572 69606 1885 11343 90466 3419 9959 69073 39662 90599 35032 5258 61361 11366 16524 7037
1123 9
32793 39015 62034 58159 13407 60904 81414 15386 84388
1133 18
28103 24559 23045 84375 6023 23940 80544 4635 20269 41625 87020 20708 21741 41188 35861 67618 48670 89093
1134 20
58042 98053 86112 99114 92712 23150 30164 64372 4977 56195 73491 56435 20869 74091 23881 98064 54712 25465 75431 97847
1137 15
86110 75813 89486 38498 41013 181 49964 53183 15617 32799 73122 23843 52467 49198 94733
1139 12
19263 80578 59678 24234 33173 13159 41635 1884 51672 46215 63126 20382
1147 15
4463 5677 15800 61399 91386 64382 51658 78191 93125 5415 65427 17399 45329 69938 60608
1154 19
10939 36558 13341 78403 45281 33249 44725 93107 22384 87964 33886 82830 68390 38244 94666 21593 4517 89411 76263
1161 11
6615 47289 35684 83258 45754 50715 31630 57095 17614 24904 41509
1164 13
73124 13120 62806 73021 72200 99321 29232 42917 20004 8251 12671 97734 99830
1168 16
25875 19266 87332 32721 35846 33938 94911 55040 83412 53642 38444 68517 80615 19358 62748 30282
1173 15
28558 16426 78596 80006 76253 92218 14082 3757 20599 61286 38468 98061 43022 16136 20153
1176 12
80163 63336 38649 84570 57842 46632 35942 58895 7382 91262 92171 17553
1181 10
74718 78261 12567 92124 28899 4193 28042 27377 29214 5320
1189 17
822 18054 95218 42713 96492 4207 15220 45900 24042 76647 87032 79407 97821 92432 27803 83259 18505
1195 13
79555 99673 61163 65784 60713 81708 16525 12925 58034 34 67451 14934 9331
1201 20
99899 33482 66837 26759 84256 6471 8585 93111 8851 34078 4850 63192 99331 33588 91106 28933 48464 58677 16196 78818
1222 17
66597 45088 18917 49871 78527 83967 75639 40964 13764 66617 6691 25850 76095 77507 47746 31943 18914
1226 13
75758 95939 64032 8998 96907 94276 22973 62617 233 44968 86281 44775 77342
1229 14
63469 79141 60936 76472 8896 50904 52749 11142 11794 69387 89893 42863 90096 79616
1234 12
63663 26014 41240 37480 90492 51252 92287 63135 64852 17433 52546 75509
1241 19
33262 47856 34500 90313 99029 38480 64170 58465 86125 32832 67054 6017 22364 30381 25953 31753 7283 35438 29536
1244 18
88658 30477 40847 8718 71236 98458 15399 60374 60745 71727 73099 75652 9198 2194 65878 58545 4661 69323
1246 11
4487 90353 80527 93683 20097 80211 54425 98774 25166 51374 30500
1265 14
62157 19613 24675 72999 63830 15495 40536 12384 6345 86827 68475 16146 23903 43649
1268 17
68325 37784 5787 99819 2779 6648 21854 17540 97669 73816 85192 12045 30239 42468 17914 98037 47798
1274 18
71581 27435 4021 43074 41491 82843 61181 93789 60824 48214 40020 83511 23872 66288 673 7690 78981 54462
1283 18
9751 50561 87663 96458 34956 61184 43971 18667 38825 30634 21454 99157 29280 65797 45905 18163 89194 78912
1296 10
95991 45191 84642 95303 26826 9005 28937 88340 19174 80466
1301 11
34502 8594 80640 5447 71793 34901 89753 59236 60132 68079 66189
1302 19
44582 86249 80169 10683 60380 52201 77959 64725 78333 36161 80549 11106 10070 87842 30149 33320 70175 80925 59592
1303 10
81156 69822 61669 68932 57796 62938 16140 86784 38393 10712
1310 18
29655 72820 21089 80156 55867 72089 57469 66170 32186 71875 29304 83275 59988 58607 58675 84607 24043 21496
1316 18
16199 39821 88579 27652 16101 9602 67807 53426 11195 31724 42573 91966 47191 40854 76036 54062 8399 2024
1318 19
82763 49411 33648 97398 44748 29097 31460 81761 55870 61901 98679 15196 95654 10334 57100 80494 53550 99962 30334
1325 12
22494 34972 65793 31296 29431 49607 50593 12569 2146 39053 45731 14556
1341 14
15484 81938 62345 30802 77322 469 94980 16372 61228 66562 24766 31616 41176 80065
1342 11
63941 34616 56297 88043 14075 86196 67961 46270 19315 74766 57895
1345 8
51800 23559 94509 91428 82341 88362 31986 52360
1348 16
81953 55706 9142 73329 90943 56091 10838 41574 27379 6111 58518 90465 39422 13098 53262 19371
1349 18
75694 44508 63894 86640 8164 50069 32056 42110 56202 17539 75381 82237 74174 19353 11511 94002 22375 28366
1351 11
36129 2942 59813 91501 19843 28930 36187 31055 47154 21165 89302
1356 20
13975 74656 7850 57786 63860 66975 70779 98328 1718 74453 61543 56979 40507 89796 77787 49706 73445 15920 52190 83283
1360 12
84443 20601 9139 74506 99570 66993 13682 48303 55306 16401 75510 65475
1361 17
36320 77140 13303 65315 36891 67742 82665 98455 93481 37985 23315 245 49862 66725 8013 24193 2574
1367 14
75717 82433 98276 47353 15715 16532 9091 38559 66062 84147 22765 45539 13827 46282
1378 16
36275 60280 63363 23194 87112 99042 69497 74283 49120 97441 54234 20750 831 13891 96525 73543
1387 12
11485 33690 1750 47004 87865 1764 82649 47755 69901 83555 33853 7146
1394 19
63950 24054 15102 62801 39712 5295 31292 7515 15424 15018 94512 77041 54932 66090 88850 81438 11683 1096 2359
1397 16
66665 95221 92248 18788 80506 11232 29597 13136 1422 56640 83582 50055 65433 45733 14265 17529
1398 8
103 62751 19404 99371 53546 71375 68616 71515
1401 19
41249 77727 63672 85309 10209 33765 63603 650 35776 89744 59882 25313 88283 40839 99567 32087 18325 36831 21662
1412 19
20562 95001 88743 3804 89466 48450 12127 22126 6274 758 16953 15775 37952 59640 84700 91297 52786 28802 25377
1420 17
84686 1597 82035 39276 80524 46426 24401 24206 11526 89894 74425 88102 28783 72371 18028 26410 76512
1427 11
87619 75006 86916 36020 7576 82504 56741 8827 40047 98986 16915
1432 15
1554 67751 26297 39998 4996 35888 84417 63003 92158 39239 74840 696 71266 43667 44014
1438 19
65681 10044 78128 93989 8610 2235 28131 42181 57769 1026 32566 12833 70205 71586 97390 81831 2534 23290 68407
1439 11
13653 69417 31219 17392 35447 30878 38152 28094 7234 84358 61588
1448 14
52876 61385 45990 88507 92889 88725 46160 97191 14370 95566 45379 91418 53233 89811
1453 19
51412 68226 70749 12015 61255 59341 1339 74243 49749 39332 66733 38811 24651 28208 56190 15385 54983 25123 17714
1455 17
69716 75734 19662 49498 29948 1861 21744 39597 57348 18743 12021 28648 26347 42826 83228 84335 49776
1458 11
18413 57706 82976 35673 84185 26866 82004 96190 25034 69893 20711
1478 19
88154 16541 94760 3165 44076 99281 89956 94114 40915 70272 11030 16091 21990 59763 31959 95287 56764 81910 29736
1499 13
47232 25111 8360 62500 42547 61651 21391 68796 4927 49634 43493 48559 87742
1506 16
45517 38992 81939 16653 74048 95044 71105 87382 76033 32575 11935 35612 98002 26680 10774 63896
1507 15
958 63316 30098 9953 84089 90475 70437 21198 14531 45804 54791 23003 44935 62551 96383
1515 13
3235 36317 17660 82275 86824 77174 35100 25660 64359 42788 54137 61927 74559
1516 20
38377 86602 26779 7187 93938 88346 25771 99725 35392 96431 54631 75545 68551 21851 65931 25096 6026 28928 89052 74133
1520 10
42209 25451 15181 333 32689 63132 24175 34585 70041 34953
1521 9
34218 26915 16704 73574 13049 25408 33311 91929 22701
1529 18
53440 9994 12962 41879 41228 87517 6554 25606 65288 51543 77662 79966 42523 34145 87482 38199 41270 4901
1538 11
65580 26690 58325 42143 47429 28339 18017 68919 41813 52573 89539
1541 10
66921 36213 52855 33129 86216 34350 29962 78308 50924 79029
1544 13
62433 8785 84168 8966 53034 37213 29314 39271 47926 67840 25713 16649 30370
1548 9
97692 61821 934 75022 92675 3475 7862 55851 40589
1550 15
38858 18735 94711 40400 96794 55633 33528 76247 32205 53781 9830 95024 27391 46278 68279
1551 17
21609 41567 51535 12481 34746 44066 88606 68416 97317 2684 4790 8504 57225 9404 37223 56068 57630
1556 16
74855 18307 82565 30508 99500 40897 67871 70486 91670 26954 10303 6231 39198 19297 94060 27036
1557 16
23294 69284 24504 657 60485 13668 8127 49134 85028 5543 64895 5566 11168 2858 23157 3194
1559 13
32310 94008 21448 49428 91615 57844 44809 13735 52328 51878 90715 83093 48838
1561 16
27889 37612 5669 90433 16984 53032 87458 37006 16710 9880 92126 18027 92091 38789 71237 30326
1565 17
5130 72597 52008 19907 82383 91398 32549 71487 29635 96150 85015 97056 61342 94823 34472 21345 60497
1567 13
41478 59192 10185 7603 66855 81452 1703 45013 96641 11997 2279 40911 4065
1584 17
30631 41634 91937 95584 92745 87744 35610 11055 21771 75917 67789 20516 13976 39082 51502 55911 80641
1588 17
59422 31691 28684 24869 96807 48737 79345 13277 98187 81941 38411 64328 6186 73895 12455 62772 51817
1596 15
2125 19531 5745 11141 66979 15116 99733 76098 29111 30880 25014 60540 75356 43430 79620
1607 16
98726 45009 2940 23959 73555 60495 87257 55616 55900 81391 73408 68468 37890 29091 57912 47477
1617 15
70432 47934 91056 19774 26184 91605 29606 90550 2333 28758 3912 29324 59984 93865 77589
1618 19
16210 36 43601 27330 81907 59552 39408 89628 37148 2216 97250 19733 87687 30245 34808 41190 98289 59773 30016
1634 15
42058 57740 774 48779 24468 87092 15323 18305 34392 69902 90605 36241 2981 5282 75776
1638 10
3724 5087 10482 5091 84949 71993 68545 97787 89528 52448
1642 12
80174 32091 33251 90029 60189 44640 3529 40340 39035 27676 28992 60376
1653 18
85842 98634 13447 32573 28621 53375 28629 28095 93600 91818 94978 96842 29400 57035 23427 94606 38343 37098
1659 14
43695 35568 76475 55938 42808 17025 56181 50300 19804 60276 66551 75181 53843 6279
1661 18
86486 75322 41620 35534 24792 51298 61243 99581 11558 78657 54200 63329 31834 38934 52131 148 85544 24511
1668 18
77181 54122 17657 77215 21420 97548 71723 40392 45921 67446 88494 58743 55783 24030 36335 9362 44718 80410
1676 15
84112 30131 54584 14419 18676 63290 47734 76968 26087 80095 48718 71950 64768 97222 99340
1679 14
20174 72933 44342 77193 96725 57066 6282 91367 90049 25432 68538 19995 28976 51344
1682 9
67791 4814 64179 78983 53116 15285 3620 71806 21978
1686 15
59290 6033 98186 44011 15568 51828 29562 84104 85775 82258 27587 81903 71881 43095 75853
1693 11
27902 50156 36505 26151 87171 72509 87726 16215 70070 55806 70386
1705 17
20589 26430 5702 41700 85721 10868 29573 28747 60703 22932 26647 55585 27480 54074 45330 50406 69544
1711 10
67380 15797 45685 87749 81455 86544 27128 22263 15318 77518
1717 14
51369 69813 64919 4069 21343 30082 50955 42087 27712 63071 18282 87759 70544 39173
1723 14
70344 95946 33745 33651 87936 12887 8285 78358 73071 93635 60342 40419 34302 78751
1731 17
19645 2408 76857 44982 84056 40693 26296 26239 6756 88863 68097 9773 62603 58646 49365 43551 95703
1732 17
13721 59602 36844 13456 69460 81321 35228 20354 83200 51465 95742 79532 42712 86390 36969 85095 66346
1737 17
7610 28258 74518 96574 39513 63090 18610 75169 35667 1912 41108 38352 24216 7055 75599 75184 11483
1743 17
24247 80002 34912 68503 9692 76602 87627 50948 89597 12591 11480 23004 50750 94296 20821 24269 29366
1760 10
28953 46805 82880 58487 40929 22422 14830 49620 39132 5901
1762 14
96572 9533 36263 2787 74665 19368 63216 4231 4964 55553 6130 9439 35379 32857
1777 13
90073 45486 43822 89216 93435 12267 77184 12658 45429 65113 96529 13881 18594
1778 13
97633 14180 71627 7926 57572 68698 18685 37771 51003 98875 44766 18335 8363
1789 12
13792 20616 79708 30775 88868 84132 97752 20399 39740 77289 77689 69302
1791 14
8675 10839 67833 59022 61782 54067 50869 52678 14746 86130 15044 68321 56041 34926
1800 9
81760 37546 88329 97417 31341 39404 24025 51532 62554
1803 20
39287 4666 90642 74092 60834 49557 29714 15430 65450 99959 99296 30171 88812 4746 20220 40407 6187 66257 55820 11354
1807 18
49334 88360 48294 88738 60598 94259 97929 63275 93474 39933 8010 55560 77216 86753 89163 74681 7847 99187
1812 18
78892 54479 26813 65584 87679 86931 87752 53322 78702 85113 66766 38890 97811 89741 40192 81393 89310 90159
1813 15
97048 55178 58637 21712 86714 32864 92945 71192 41353 31624 8506 94960 86728 72561 15149
1815 17
72742 36287 7803 52911 20432 19271 72567 62223 32932 96408 66241 73409 53452 77584 11472 46231 39778
1824 15
60722 93300 24816 59120 29019 22845 33502 80885 46666 63962 30186 8572 65226 72932 15316
1826 16
90765 55687 9471 5968 21512 83776 62632 17481 79766 38060 26070 64048 18765 66497 21922 83330
1830 15
26905 36071 11233 35453 84167 49157 87850 99555 19379 11193 5094 67032 23345 38070 36419
1846 10
59613 71831 33501 48915 90456 96310 46687 1576 45443 88545
1855 17
42300 58574 97531 34946 9069 99613 29595 95525 41712 98138 73047 59700 15651 73051 60793 68164 62318
1864 13
33943 43957 22717 52248 96511 54703 94551 18625 46864 80808 78112 34568 30623
1868 13
7898 23550 57160 96293 50201 57376 68996 16181 61130 62025 31924 11514 26663
1873 12
87217 89584 75354 83188 34416 91002 21409 14302 83314 29783 81407 92516
1876 11
32017 64029 70547 69212 36623 46246 47861 59643 36846 42203 73738
1878 11
33312 54475 95668 98695 18070 55740 11468 84076 44655 48646 28574
1881 17
78220 80149 82864 4079 47075 78926 64080 85142 9162 34215 47256 96438 83101 75419 83172 94354 16636
1883 18
41480 12144 97496 18921 87919 35036 34850 43476 53033 57105 93831 87448 46341 8527 55701 93686 67858 54108
1886 12
16148 19375 77196 56011 27423 24943 18501 99025 34381 69917 90527 23337
1899 15
25893 42150 93748 3380 9339 54589 18414 20237 57857 27669 58204 62989 1716 60303 23284
1900 17
8321 5857 37072 50534 16673 23406 71537 44343 74098 39581 85919 79683 92978 84127 78736 63098 2202
1907 8
87661 17083 23642 60202 32833 46720 51976 48874
1910 15
4959 88359 44994 77121 83784 48246 40637 90311 11762 17618 90245 10968 38706 32105 75890
1922 15
12422 61330 26616 72825 93974 65637 10999 13471 83563 33006 47480 46302 78341 66594 28272
1923 10
99277 33125 778 40123 9757 85162 58861 98448 23612 26537
1927 15
27236 32340 45031 33481 77772 25473 57500 37925 3347 23729 23592 91736 73243 86437 40567
1939 11
28572 18390 83143 75122 68505 87958 30426 5946 7946 23542 56298
1940 10
83694 8102 71444 90017 60753 37971 17064 23551 18210 1935
1949 20
1416 41367 46254 29512 21318 75188 77607 99686 99572 96757 7767 5658 63589 2883 52845 98832 71256 82966 18968 24096
1951 16
98337 66316 77300 67655 49707 94659 85838 88141 83788 81217 33701 83299 98783 41440 55753 59554
1960 9
13869 90691 30379 71320 35270 63258 67313 64186 15752
1963 18
36653 33341 61203 95370 6107 70641 41207 60410 65636 85379 27447 41118 77314 53039 47421 22925 41579 36219
1967 14
40595 73638 26335 44470 5236 43534 11981 92869 86026 33135 8369 58156 40905 43927
1973 16
55929 5102 65534 68673 24433 28074 94537 14394 96683 89391 81346 37676 50348 27527 94800 28670
1978 13
14277 37793 76064 89758 92074 98923 46371 26571 98454 38207 65957 25345 39689
1985 19
77460 72046 21898 71188 15175 52897 50199 46771 85728 12654 36762 75766 44967 79703 21684 61947 17474 53075 21711
1992 11
23603 15657 40390 39856 83935 27647 12427 78260 19527 59875 27810
1996 12
83088 40074 34632 67027 33775 69113 24317 15683 26562 73587 63868 30382
2006 13
42447 75657 96719 42790 27157 79411 88446 20664 3964 36998 16873 96323 94498
2013 19
41015 64668 9792 22440 58155 95549 51244 16225 79480 51428 44499 64823 71968 25257 23008 65444 31217 53835 92691
2014 15
50136 78708 11824 10426 76869 47527 41020 45155 43259 61722 4331 71397 40581 42773 895
2017 17
14595 8443 59125 57327 67785 62087 23740 17264 29367 3036 76967 75426 74179 97604 94563 5622 20243
2021 19
64069 12950 78468 34561 51017 59167 74288 37960 32198 23418 35269 71534 81421 78156 37252 50373 71286 27794 1843
2032 12
74328 24656 91965 45084 38720 13168 38220 30203 65662 26930 13151 37577
2044 20
84863 63723 73699 2766 34336 90947 59429 69976 7230 79761 92294 64546 63471 25945 89068 27066 71861 69029 39554 29958
2046 10
61720 54706 55057 14743 70810 61705 42330 66633 12494 2182
2047 19
10296 29083 94556 19298 44463 75223 80520 956 5708 37522 7932 75276 28650 81296 16253 85450 65400 16869 31450
2058 12
51763 65925 89966 96608 37058 19708 80998 36073 20315 9370 85397 32764
2075 18
38228 4859 39111 69430 99139 41424 50393 86288 70852 39879 18122 18433 1448 92693 68423 84055 49072 24782
2079 17
22275 49369 87657 58472 24382 96654 65350 60294 13037 49627 47464 9323 10174 87813 87837 82091 81842
2090 17
88459 89226 70369 64158 63277 27621 37520 40120 90703 44806 98966 22846 61251 66998 37175 21720 67504
2097 17
84576 35119 72902 19472 30639 55915 70408 95184 58614 99396 12344 59220 56512 36914 4479 13950 71974
2098 15
1994 67487 54257 85743 52591 90714 44220 96341 26588 26209 17562 11875 3598 48008 81133
2100 18
61905 94917 54967 97726 23256 5865 30916 81719 46250 35427 8045 76171 53743 1945 79502 59515 83379 35894
2109 17
12460 81350 35173 32541 39183 60640 53156 84424 42324 9177 64071 31327 43212 19152 16081 53017 59548
2110 14
91268 51188 26358 76856 86964 89707 33033 59501 21009 34012 39568 1347 61289 24868
2111 14
88323 60359 5996 6578 38453 10258 47961 6653 41618 43759 60105 26952 8110 29311
2119 15
59456 10162 34485 93238 76818 4940 39745 40627 23288 88212 27592 84550 12283 45675 95209
2126 18
14772 6266 92653 75921 79908 18221 80042 46775 33272 5152 39158 39045 37437 83515 2994 24695 15433 91307
2131 18
70660 99241 60033 98680 49793 4950 5323 83882 96149 30118 63610 28303 32293 57250 58267 96117 40821 39127
2137 20
16397 70737 23019 88626 75016 24477 56775 93795 46404 26245 75376 36726 44632 4572 14704 64790 23621 56949 37854 70379
2138 13
25805 15015 43595 1663 76670 59528 70282 59919 49068 4045 37049 20154 5474
2143 12
21501 98833 86761 28330 21511 87144 79592 67372 34395 18889 17145 15678
2144 12
8888 83373 59023 36485 37470 2623 18220 40437 65933 39234 62673 7776
2147 16
70177 46721 66472 94883 39926 79979 69524 76154 88703 87523 70931 58874 69647 23635 21848 14417
2161 12
29731 27813 11177 54735 33316 79403 42313 35535 77726 8541 60933 85231
2162 17
54155 44531 33165 35593 66269 81932 54449 84861 31401 63614 81610 42376 17961 54504 49668 31645 93034
2165 19
42089 83067 86229 34557 92114 25994 7075 66297 34105 14905 31140 30023 58770 34551 31359 41707 15537 5751 39897
2173 15
76018 31904 61124 22842 23658 16757 23723 93331 65624 82221 12607 33439 51897 71167 32546
2183 10
74710 38033 28341 88653 97653 98029 32379 12011 80739 28438
2184 16
13934 67940 38195 36428 94525 35277 9013 66110 55339 86864 4564 84164 93282 92225 3248 56306
2200 11
98647 46567 20587 57766 48075 15714 85916 71186 99833 88829 65165
2203 12
36938 71567 70622 60445 49582 68082 79583 2832 66772 65073 14411 42602
2218 10
72893 72808 69555 652 30564 12836 82950 48324 28839 3024
2222 14
14026 34229 50142 12172 56082 91389 85718 35595 96638 50365 86356 6515 73781 71598
2224 16
56122 58266 99336 8599 63440 54079 21346 12718 50268 84004 995 21783 50479 90958 41920 51945
2235 18
24426 31664 34107 4980 19971 94805 91502 90978 71171 60651 91372 39343 47269 75038 65586 81026 56327 18597
2236 15
25362 24184 39620 69618 94236 31343 80946 45872 95706 25116 16931 60291 26994 93004 12799
2244 9
30155 64479 13962 86802 1072 67510 52907 41287 2579
2249 15
29095 17424 1105 70160 66924 67000 17447 86150 81317 97907 78423 135 62091 60533 51140
2250 15
70257 84817 95542 3737 3417 54812 52198 87037 19243 46943 14779 68845 87671 10297 38008
2252 16
75086 54837 28909 12246 14864 37181 45591 45813 98116 61904 98399 5275 43402 48674 20491 94128
2260 17
29339 31416 69575 32797 65117 87116 95866 21737 40058 97427 94835 42714 1867 43072 49470 53854 93385
2265 15
70665 79060 26519 67068 91725 79075 81633 61153 40925 21588 84763 2187 19445 46964 88338
2268 16
18519 37530 46809 7877 49584 35862 45035 99746 17071 46685 30371 53492 16826 38861 82754 16134
2276 15
22235 43859 59168 50057 80809 75298 83080 28198 60061 39529 53887 40974 49600 88880 16594
2293 14
88376 61567 66863 9744 45466 89524 73439 34447 61028 8227 56425 43317 92725 98604
2297 17
44219 34902 26037 70960 42504 6718 5511 48161 72402 20451 54343 74118 61759 67018 19238 98491 32352
2312 16
52696 94581 96364 57537 49408 13730 71048 85350 36522 28085 68329 59775 81542 91794 98469 13823
2316 17
4131 47355 79380 37282 12222 31389 80495 85623 65992 72006 86564 11329 57368 70233 17859 66413 95291
2317 13
61382 60074 15438 75328 32673 41224 70890 10806 66434 82056 65696 87402 20878
2329 12
15360 39794 32615 66853 61537 22363 19110 63990 26570 41841 29778 40712
2331 12
86018 79548 82730 35191 95845 78051 99841 7728 77431 47495 67429 99421
2339 18
676 63521 31604 16402 98479 5851 73062 13989 88562 82212 48621 93801 55998 86162 65811 69216 84827 95783
2346 11
2355 90132 33916 75265 5214 23022 62638 38852 22001 3616 90784
2354 18
48364 43350 18980 10055 94728 84102 17389 64925 44082 95568 88758 36553 40503 98489 85588 13855 34592 83836
2359 14
52615 12451 28632 20678 19053 83803 63497 98686 30503 78319 60259 14067 55889 9508
2362 14
36651 2097 93035 44309 60505 38353 87158 53428 79951 97818 83727 97700 77336 22806
2366 15
90125 6938 31925 78503 93864 15075 49368 1659 39807 60684 51078 1973 49331 65455 77114
2373 15
2562 12505 33766 80700 80114 29834 90410 81065 42763 60194 57460 91996 99184 95985 92511
2380 12
75099 96137 6118 83028 11550 90457 65802 12664 29106 37395 42369 11146
2394 19
29201 9796 36193 12871 20575 6758 73569 95029 43263 25967 63799 1998 83514 36757 96142 40639 94214 34607 47576
2402 9
32211 17679 56326 26911 47570 35838 22988 92810 2946
2414 11
44723 3831 17574 67102 72821 80871 61711 8296 85993 7645 97573
2415 15
46548 86608 45738 36089 53402 42484 17962 80257 4557 83554 27490 94287 95638 74055 17257
2426 16
6297 36818 51424 15831 41980 57164 26876 32695 80268 83455 20121 47956 79815 29891 46011 62386
2429 20
79520 85520 2292 14546 65499 16390 11092 37185 87863 14625 57579 8951 66504 11679 50104 49180 14201 80317 68148 19201
2440 12
95859 44569 38466 51054 273 48961 52280 29022 95621 17250 32503 36019
2457 11
36987 91283 55480 23508 77001 36205 24780 74588 8334 58821 73007
2467 14
79900 79469 23946 85069 5245 18572 31267 59639 55542 88573 61611 85154 27827 70304
2469 9
87022 67973 44522 9735 57522 87765 27590 1645 60170
2470 11
39710 41697 90674 76510 1537 84926 17111 63724 55965 1465 41551
2474 13
26849 41840 42991 12524 49431 52344 25225 22946 23556 4889 2000 28148 76969
2497 15
11387 86828 33888 66535 95546 2357 89009 41298 30941 90565 81091 80191 10644 17597 65230
2504 13
58878 48916 67989 370 95592 7223 56410 83227 70525 33155 53082 34013 449
2508 11
65240 11189 41036 63695 73503 25993 1316 89656 88179 48357 92510
2510 12
70989 19813 58393 39652 58544 68356 94567 90510 410 51299 88952 36151
2520 13
64602 95271 17323 18188 78694 58484 58768 4711 12702 81415 85757 75242 54251
2531 14
82193 12755 45891 73686 17981 9908 21480 71077 29739 56128 98969 68589 73767 29046
2535 16
91069 71440 11668 69875 84923 70731 89687 74586 82376 31798 30238 42348 6673 13128 214 91013
2537 12
91004 46571 27730 29581 84262 95777 64285 41602 93270 67715 83929 16092
2540 15
37287 91855 7864 86368 41233 55414 65705 94656 73872 84851 39125 4729 31212 89034 99683
2541 18
5197 14967 59039 19302 29965 43459 98796 54239 12038 41831 32094 12444 73929 25662 79040 57554 96147 23352
2548 19
52917 27691 79523 4499 84796 94111 75343 74100 45656 55805 86674 47803 33891 13294 32195 28728 57484 86711 32726
2553 8
90329 85917 38815 35291 88672 6312 42035 97637
2557 13
72443 71911 36888 12946 82808 11910 37269 88147 88848 41614 36464 57927 64183
2560 19
61536 12033 54891 57157 53012 36243 23625 46678 30532 90653 3919 9355 34286 98687 42077 47585 87694 50332 47035
2565 13
77450 45078 1581 98761 92265 60023 53394 90677 98444 31243 1357 13699 67723
2567 15
96368 72801 30691 72348 48742 63381 17752 18612 15997 8448 47761 20741 96810 71812 36475
2585 16
98609 9928 2636 26261 89694 66719 13156 33351 17454 6193 1673 67056 11139 18339 34582 6786
2590 20
81087 42927 90452 66541 45069 24522 48875 5742 37688 29997 45635 78111 83513 70859 43951 34053 97615 54953 58315 59603
2595 18
4574 56102 58789 32210 21527 85163 99774 37988 89403 43589 7402 53077 14294 6211 65394 74434 24051 68600
2598 10
72870 77400 30837 3615 13580 69476 47813 85206 27840 64464
2608 19
54120 46504 54180 99212 36770 56123 34119 36745 54742 86940 63594 79658 11918 80164 37863 49034 70583 94767 17701
2610 20
71113 48745 10458 11071 52297 30494 53356 25060 74761 7820 4174 66708 89240 39325 48043 77032 49113 61304 65479 1382
2611 17
70329 2252 55573 46689 71017 75980 20784 42207 52184 35787 30014 57813 85641 97483 29310 72537 20379
2617 15
17281 10352 46798 12479 17475 81492 31381 83565 11167 96935 93149 2874 15414 75439 99451
2631 19
30747 72613 11334 63405 49839 39248 86463 92325 72913 51443 98470 46628 65968 91910 48846 27196 53154 95646 28844
2639 17
93628 3875 72113 58246 28487 86759 12526 36736 23787 60939 62657 70762 22156 67181 81919 96447 38014
2652 17
22805 76209 31093 44178 91425 81516 63606 89908 67212 46407 15734 65834 65701 65446 9734 48851 63502
2655 19
18033 84924 29910 68865 46808 16138 64957 83632 33581 81355 20397 79903 55319 80016 89725 5767 78284 69053 57456
2657 19
42175 86153 32792 14268 69036 36709 86839 83921 46433 68893 29608 20372 67057 70935 60851 66936 47663 24266 12476
2662 19
37215 31580 53561 63189 1411 74261 9764 8780 47660 45575 87757 17141 85479 93311 32010 14649 33380 57077 52404
2664 19
39531 30059 60287 91693 73485 31295 96111 57976 80596 47589 73448 47150 57718 65434 70202 69525 84514 54995 52093
2671 11
50145 37061 8859 35286 44181 90416 80477 14101 14228 20662 82516
2672 10
84731 16339 44652 91066 33951 68276 54642 80974 27729 41583
2678 16
67809 36316 37851 69205 57883 29025 12219 90922 17356 76991 1318 76691 77250 29041 76421 35126
2687 10
26687 18487 30789 53638 75463 10290 74329 33440 73845 22525
2696 16
93262 86244 31059 2188 42258 58010 63722 78073 46459 17181 79995 50931 73130 12176 45567 33783
2708 17
75651 37677 83932 56282 42940 39506 74184 28024 34517 73774 58419 96343 14008 96552 43114 64931 82422
2714 12
52974 1865 4870 77069 88007 18199 26672 61915 20559 38324 243 16027
2722 13
63596 68648 75932 2495 91586 85352 75712 98911 58239 91360 63545 30535 22626
2731 14
64858 83470 150 81787 94610 27455 26107 80896 34970 95506 86934 66571 29909 40647
2732 14
32601 16158 30026 45352 12612 61549 55683 58308 48868 17453 60437 34513 96872 98643
2737 19
78758 87118 25708 3325 9560 31512 33748 80130 46156 3905 40330 43703 89450 77444 64827 78710 13839 35484 1780
2738 9
87867 80013 29926 11467 85669 79375 51020 99070 60345
2754 16
35310 65303 81834 69218 51675 64036 60594 64840 86571 64367 63882 65435 52108 71756 4700 98693
2758 14
38595 23044 16648 26666 47758 36947 96632 44627 15829 1171 38386 84309 27155 63492
2760 13
85851 26113 16929 64610 78331 89490 30126 93269 64077 57304 27297 36859 78645
2766 14
17508 84355 95311 362 49417 75043 25862 87284 64813 98781 83218 29003 67435 63970
2770 12
79297 65761 39826 26100 29312 59207 71010 81100 90269 38940 82834 70380
2776 15
45737 18378 39135 20680 51496 85673 50711 12978 12399 6571 59690 78989 21246 93717 29441
2780 12
99557 46232 3601 72895 47502 86432 40610 97426 70184 66108 98827 54424
2783 15
7560 17055 76368 441 59093 95945 56288 93047 71281 50528 23568 42792 14714 52842 38236
2786 13
34993 27246 25368 55427 72419 38790 53376 7537 10714 99560 88803 29626 15562
2798 19
36023 2298 51701 3363 79291 46101 7485 96876 39151 28463 58337 24639 25320 74714 55073 90997 5547 13972 62930
2819 16
43189 43177 66875 37410 30728 11173 75810 70051 49564 84230 84131 3543 94870 73219 37738 53398
2826 15
42370 8700 40478 17651 9304 6595 37111 769 89284 22339 69989 94735 27319 27031 42833
2830 19
65030 3571 62515 22923 2023 17347 69904 66058 81508 52506 11521 93477 24754 50999 85802 2816 27169 43765 73779
2836 15
16876 60503 76217 52889 53922 2022 62614 97490 39257 92523 19216 97073 36783 15635 87463
2837 12
42141 99704 57761 43769 50938 60348 70238 93926 67662 94003 91512 35309
2842 16
36178 82656 38625 44434 78882 63719 9960 64561 56372 4957 70850 42539 63993 86651 35245 35329
2844 17
56319 37364 4865 24330 45857 26121 17128 7206 71923 54250 36905 25923 33407 42675 60242 68704 80140
2863 10
72313 19056 95997 30562 51663 855 70638 11046 99870 58684
2865 17
78982 49230 72684 38450 96130 39714 25546 54150 59061 94145 22468 59338 23953 37273 42951 15962 62769
2868 17
97707 16062 68021 74618 64559 58064 13959 77889 82584 14901 50956 62894 26426 28241 13782 93229 97267
2876 10
42288 11362 93202 72468 76590 69894 92305 53580 14557 28551
2882 12
65860 130 83698 7897 54090 48828 34255 24478 78934 34082 6626 16292
2887 19
36666 49829 51033 99720 9226 38765 83250 59569 22640 85251 81469 69447 45836 85103 49005 79304 80591 93017 52250
2890 11
59460 4120 87869 58257 58129 8520 64427 58072 53382 55383 60955
2892 19
69949 10531 72634 4658 9474 53745 20815 74543 20135 15090 55996 56667 37513 50451 85247 51820 26190 30672 51425
2900 12
42158 21725 314 8159 5624 47321 15207 71673 28661 51805 64218 63775
2901 17
55760 71126 85111 32970 34002 13741 58807 12040 67673 94766 55482 32616 25691 20707 19814 6452 21422
2904 10
91335 42921 94923 31835 43181 54135 60058 27446 55723 19713
2916 12
23779 63276 29865 8972 14347 1962 92953 19659 2499 87781 83837 51149
2919 15
43173 43217 35907 41339 86866 22673 36354 832 22402 81202 26334 45296 36953 92778 66105
2923 15
9340 87323 84721 78873 87908 89943 17764 51640 20732 19756 3340 49587 54171 64384 9779
2926 14
28810 58374 43807 3508 1535 79790 40243 64459 71063 73405 38518 65807 40328 54429
2928 16
83392 77931 63149 47749 50115 82132 15036 31414 57257 12157 18109 16159 16309 67282 84448 97630
2939 19
43139 82135 11719 45175 38351 20079 21792 58811 94255 92297 86735 44832 49061 48044 34818 60020 71221 83578 15294
2941 18
15166 6628 87413 88228 66681 99409 33092 39976 23637 39396 93261 84005 83131 4640 74413 48683 60521 26702
2942 15
5417 54930 62440 6497 86813 25245 82493 23015 39100 19722 69898 90045 73004 81564 98932
2943 19
90985 8051 48077 68857 56722 68429 61497 4916 11954 38998 56395 19155 35038 36728 14627 34734 10040 42824 89074
2950 16
51902 85026 60688 45889 7142 8942 40220 2368 63046 56749 42157 83459 20163 81137 33043 6025
2951 16
10617 1931 23275 76428 39796 42972 34519 86411 66648 96783 4172 77734 54790 29082 89841 56678
2957 18
54888 53080 32919 14432 98914 7117 65272 92453 9027 58996 30778 23816 92555 47661 55932 54493 61837 86534
2959 19
50771 93502 47127 87495 52099 37926 34390 52491 90280 45449 7950 95288 78222 59342 24428 21030 53266 79181 10966
2960 16
93223 63754 73536 45574 57689 51282 50442 36144 45342 86783 81236 87793 43250 55584 12111 34976
2976 11
38303 92701 74210 69552 90825 96358 67248 78019 71809 57087 91557
2977 13
2309 1255 17198 12353 51874 93384 22277 59016 5806 15505 26975 3911 55942
2984 14
1455 63935 36968 2953 17016 37544 77802 15268 99933 20223 65932 911 71432 59464
2986 13
6110 79125 36128 10776 18884 75541 5536 9746 90172 94600 42996 32452 14964
2990 13
29099 55196 91357 96168 66032 59140 92293 21894 91454 19416 18740 86907 1694
2991 19
11800 5604 3424 44075 37961 11897 60312 37044 16259 85266 465 35481 69656 90602 82300 18985 71546 80187 36568
2992 15
88976 43192 89410 64644 60782 13816 25118 5446 83804 72952 3561 11357 10896 95073 60307
2994 17
48952 43842 92873 95636 1889 61227 50273 28101 42543 10665 89280 18592 92299 79064 63097 8702 30713
2995 17
5274 84242 5441 30414 19577 52134 30202 63121 57138 18246 19261 9318 52146 34544 1247 74081 21413
3008 14
99357 75415 22516 84471 18518 96975 96931 34054 30115 24130 30813 11958 8538 31683
3022 17
1628 18402 6089 12561 78659 9564 79857 30140 88733 61920 14072 3416 90683 426 25983 59416 38872
3025 15
14804 62511 33754 2813 25569 12837 78581 13068 39219 75910 23992 78860 16177 795 89152
3034 20
97841 86482 41881 65198 64825 67044 64024 31629 91869 88522 28057 18416 69266 50059 47277 25349 1035 70245 45572 44302
3038 18
88556 87299 83715 42724 85081 6021 54771 77621 15187 78023 6670 39175 69583 74535 39108 35781 87132 77961
3045 12
39703 58040 60553 62891 602 49107 49542 5849 56856 59391 68613 67923
3091 14
57247 86977 37800 50612 11278 30466 64373 29249 8607 78266 33875 33403 90370 24479
3092 17
85027 76547 61478 68998 45266 97590 31908 52667 52121 43220 53688 30594 28130 41758 77378 18211 56358
3101 12
52834 67866 27359 72667 9716 60810 99413 24957 77971 34435 6878 24305
3103 18
55734 26361 66861 29529 84707 13378 62969 42284 58485 61016 15670 2609 85661 52451 19581 24362 87541 33283
3109 8
77712 50905 90908 52392 93747 5398 84480 89613
3123 14
69906 88004 22255 85511 13231 37330 79511 9875 21875 89390 91522 66428 93947 16604
3124 14
7441 24803 45851 88888 89360 4303 11593 42065 79809 57835 1683 99456 31431 99244
3125 12
38283 82229 74348 79268 48866 36648 39746 96765 16741 48445 84323 3770
3128 13
20388 88021 66658 67480 60198 50377 45471 36617 45531 96054 40186 67020 81527
3130 16
59713 16468 71423 82904 1414 31519 61595 51923 92289 79652 21113 74557 26726 23567 56914 88641
3134 19
96407 57609 67351 55714 56152 48041 79014 76719 24736 34373 76660 85527 51206 66699 57795 85767 35068 78031 34939
3145 17
43228 38087 24891 92592 18257 37118 1539 75249 82833 8138 67669 56795 9298 56520 96033 18558 37013
3148 15
63389 71769 47631 23660 87166 69943 21022 95340 87563 41864 20102 32967 48541 23400 36813
3152 11
84410 44714 1180 5805 10849 50598 15826 41727 22019 10018 48423
3162 14
46635 50177 40323 92112 90027 56030 36009 94050 38786 44136 7200 26920 15787 45853
3164 10
97316 31033 77109 67484 31190 72596 61670 7633 32687 49782
3167 11
12102 38722 62826 50490 53198 46728 65740 45937 54201 24472 16768
3169 18
97013 51699 83548 28600 27591 61712 55535 14258 45464 21040 39686 50325 27517 91815 47381 88523 21488 81404
3170 16
53218 45784 91552 75402 64746 22739 88786 41160 38462 61275 43906 3822 66479 24983 43222 45650
3172 10
9062 64521 11291 79747 60034 93592 63434 49452 71744 96240
3186 17
13938 4252 63734 9898 96963 15814 12170 5550 12675 11697 25812 37262 33520 31037 68807 64921 15050
3192 11
96441 2209 36237 30196 80379 37464 93968 97915 76950 87211 48592
3202 13
22439 33477 34677 91975 62991 9868 78302 14449 40329 85328 77943 53811 40153
3211 17
87303 93215 8863 21718 890 71341 17693 75480 42423 2888 80958 60062 57344 45273 33432 51082 23753
3212 17
44512 55051 17078 85403 703 88836 9199 98398 29924 26592 15474 75898 36599 17702 4550 84954 88095
3215 19
85233 12289 48973 19258 56551 9127 29694 16565 56506 94834 45484 85996 23408 17979 76153 87041 87224 28626 97697
3218 14
65795 84101 55521 23405 86848 46846 23072 52401 1010 5162 59691 95143 37840 97500
3229 15
74019 65445 96380 76434 9100 35511 10429 45081 43248 60149 14939 25510 43290 45433 99601
3243 14
22565 81520 30365 22446 85995 23264 36767 85091 91479 87999 95605 86477 88483 90145
3245 12
12848 38197 23154 53768 92454 44312 25424 17762 13640 16529 34803 16918
3246 18
29981 17174 64095 76156 57524 41312 87941 47320 78963 16692 89760 17430 65952 60922 65762 92785 56250 85337
3247 11
65871 7233 94655 66506 22884 30501 81926 93240 32734 18090 90099
3250 14
58421 30398 85404 86017 3942 82689 41381 74616 87903 2956 53961 18470 24436 84792
3258 15
40100 77319 29180 32506 4559 48024 12543 71469 99284 95274 54329 88380 57657 45434 30095
3267 18
34595 91120 31974 16456 32751 73566 61801 37906 30344 54747 6432 74502 39327 32154 21116 74437 19951 31347
3277 18
29145 15674 18984 13431 32672 4816 94314 96648 18635 39191 30216 39314 39549 60395 68496 67204 19826 23432
3289 13
36689 88478 50625 76704 26706 93236 72724 37342 46612 93301 59597 52384 6747
3307 17
24765 68951 24629 19159 43229 74641 53292 44376 25869 80457 29291 3028 95164 61555 62701 23112 60928
3313 19
12670 15393 54001 13500 86764 29372 97791 76838 27145 61534 69247 55400 16056 27001 78315 21240 39101 29810 15087
3320 18
1967 41739 91773 7118 20553 30588 91490 11026 90812 70630 2011 43708 48480 89313 34399 74031 29547 29761
3328 10
7347 16127 80203 57902 12262 26667 47850 70920 68887 26713
3331 13
54908 87848 13829 34050 22790 37966 82845 10894 33693 47058 96228 65361 69768
3334 19
18424 49268 67012 28291 86180 9662 95596 87949 72123 1165 25209 78792 78535 74193 3390 8390 66019 52459 70502
3341 17
94173 30818 61578 42174 614 61688 11400 62089 84092 19926 65727 39459 53361 55798 15669 81724 49809
3342 11
96178 9498 9122 44990 49654 4931 84123 52081 39507 65979 72979
3347 15
24924 56624 63417 73455 88907 58386 86885 46296 79488 39798 73956 63909 27081 18047 67037
3352 12
60306 86456 86334 16546 8964 94089 61459 94067 6699 88278 51576 70537
3369 10
49076 15038 17204 19956 50739 64757 38612 1077 36496 44346
3370 9
42678 11541 84713 55538 70702 89549 11899 63608 22251
3376 16
42109 66007 70632 53369 80503 43711 33396 69095 69567 5472 7997 4966 5317 46074 45742 52944
3383 15
90489 77159 26786 8050 88326 671 55303 8105 10833 36904 28849 62133 11404 72027 30985
3391 13
35485 15023 37570 58357 83840 16084 12530 86483 91595 43068 90087 8278 85516
3407 18
48469 79535 98202 85147 60096 44095 56627 32395 49376 15630 83592 8722 1747 69065 62572 76951 10902 13860
3412 12
17186 2961 69278 62816 35233 78420 18833 57935 19567 64487 42162 5991
3413 11
93981 44479 70750 80404 82597 14911 46956 56065 7166 23259 11789
3414 15
28869 61996 10709 18116 36473 50822 44167 99745 37748 91806 46162 96993 60498 47681 53780
3415 15
56476 57367 68404 68213 5836 61919 67042 9039 11174 51104 10811 15130 76940 55114 74564
3420 11
51528 64815 55407 11895 92850 56510 52101 3386 57729 67460 37876
3423 14
84195 75475 4815 25385 26412 58117 88752 27132 48157 39192 39312 62122 33003 76678
3428 20
61709 39161 63123 87468 94797 25787 53296 56796 71379 49358 97430 49856 88298 44929 51354 36727 69864 28439 47401 612
3437 8
95139 40649 60974 28689 68876 77581 34182 33324
3454 18
68136 55062 65778 9148 34871 19732 84783 65362 65984 65309 31384 7321 19304 4898 32422 52330 98346 61351
3459 20
97886 28136 53358 12206 10876 65964 55157 71217 75515 87562 25755 22522 17120 24874 57400 8575 77920 87515 1678 33307
3463 12
49433 24529 4164 31695 46708 61060 26861 50767 56875 30102 93133 27267
3470 15
23632 44068 20222 72116 41087 88324 56067 77800 78132 33836 46955 73037 83206 98740 20558
3473 14
2789 87775 56850 95151 29757 89557 23666 16736 32208 97635 28388 74712 58628 34460
3478 15
82528 60296 50353 27823 67220 38160 87497 47361 14397 56797 78047 27194 75878 84384 19603
3483 19
1098 69536 38455 88637 91934 18848 30642 37523 94004 87024 909 94901 72828 82304 51336 87119 11010 42098 90279
3489 14
4275 97097 63797 99681 69623 67217 82766 86806 6310 83232 94477 14678 26224 84869
3490 16
26137 42799 73667 25948 16656 53819 523 9197 90057 38819 26325 63597 9042 28515 47025 36562
3507 10
38983 55491 28944 12840 49256 39656 90321 78255 45935 1983
3520 18
82462 51922 98266 42699 15673 8184 77097 64111 58047 54409 6933 93530 15549 25285 62718 15055 84153 17340
3525 18
99793 11729 80204 97816 54655 89782 5122 72796 9648 90138 28338 26248 88124 33222 39839 53202 22992 60690
3536 11
25393 82930 30838 63716 78188 7099 94519 91468 2153 26612 84469
3545 18
25525 24607 5685 40498 21320 78285 13834 67367 14653 11624 90854 35466 94688 96911 62319 76042 52409 70207
3546 9
46370 29226 46114 84271 55536 55898 76616 46983 83879
3547 17
68797 34331 76963 8106 79320 43386 46446 18037 68263 71151 19858 11006 66303 98490 67381 49047 49233
3548 11
62046 72581 69461 49240 15037 18494 98495 85798 43615 7620 40089
3550 14
77749 61815 9428 25997 74796 44797 30761 60417 59389 48062 38174 67059 62814 36462
3553 10
56077 18201 17902 5665 10148 77845 64438 85269 34662 50288
3557 19
78521 73815 63197 48606 82178 88257 74924 74202 49773 13712 29299 72189 68202 67424 91890 46084 92543 10628 32255
3564 16
45590 61102 82267 90183 83454 73121 62024 92079 50257 22124 85539 67647 5687 59508 1094 77305
3574 13
39552 28310 39596 98427 52862 27826 92606 95404 93652 25306 89510 5396 50312
3575 17
23965 90036 25555 41173 25939 9800 18291 47007 26319 141 66158 87913 417 91824 45751 3658 43838
3580 16
22381 24670 84211 93285 47553 29107 12403 33000 7837 94672 88651 43312 74033 68291 26308 54485
3591 17
31468 75978 7495 85637 41652 47889 83310 58816 27866 69047 97822 82769 43479 36412 24699 78294 74472
3593 14
56321 63730 98014 25849 43298 97806 93767 4356 86790 67321 63957 54417 34994 28053
3597 17
59146 55285 73670 12667 90342 84345 26650 76133 37962 10118 11413 44464 15572 43268 95110 30212 40462
3600 16
44210 27540 17001 96605 63321 466 88723 62350 38005 43904 14077 49115 54304 48929 24969 80757
3607 14
27064 76851 53176 83853 91775 71238 26689 3480 56818 57568 44785 33124 29078 35202
3612 10
25134 60652 15834 26970 22854 16598 94125 74097 75570 12164
3622 18
12239 11707 80674 66237 76681 42567 89331 44900 84960 57909 90636 73330 22725 95080 17060 4741 75569 17987
3623 13
74106 23510 89642 50416 13622 18974 75668 53344 54320 2417 10805 56935 51326
3626 17
47103 71871 60051 36207 97070 51156 71046 64512 18769 93140 83171 43673 35013 93048 88247 12872 48568
3631 12
67343 64207 22869 11774 12851 34949 90539 40965 30548 59251 86143 66266
3637 14
68597 91186 62546 27755 71024 99429 17408 51291 47957 81107 84154 84656 50052 84024
3654 17
46833 26992 48247 99153 2604 25653 24886 29642 55971 29961 29744 42499 41612 93975 40369 86185 41723
3678 16
53732 63738 89351 82683 85429 29646 61464 47403 62688 78677 21110 59509 76329 74726 79816 10529
3679 17
64846 73820 23169 8895 39446 20209 54193 91484 15648 49586 32628 33897 73279 77953 53944 30290 43919
3691 17
14220 97037 65137 72906 27638 20903 43392 27344 31459 6374 74814 10688 25828 2121 79731 41646 66869
3694 11
6270 51636 336 35134 71694 41072 18790 25839 15275 23734 5169
3695 15
97281 58179 50016 13845 1600 84795 88073 17401 21438 61004 13382 17974 64040 73237 62725
3707 15
57803 38976 13629 69122 22587 15299 816 10101 73730 36584 26731 32128 77984 59239 94335
3713 15
56048 33442 40990 22799 32078 35961 40989 75529 63670 28797 45293 34631 41562 44324 66585
3719 16
94938 97039 23489 38987 90708 89283 74216 41713 7953 26483 80832 37449 34807 47367 81004 98025
3720 14
41114 73304 85826 47043 31747 84943 35343 63846 32015 60814 19264 46806 39381 70147
3722 13
81754 99809 86539 38383 8250 68679 22645 67561 30831 39803 17420 77650 74617
3725 17
54085 74399 7157 85083 36733 17487 32565 36373 96589 2746 65302 41252 56424 35324 80533 46234 34481
3726 14
98339 64529 85115 28990 19778 28561 36631 32226 64035 4363 55052 84645 60925 25619
3730 9
54628 86078 40837 77932 87049 12766 68549 71144 53438
3737 16
59149 12217 84845 68991 34756 43515 70424 21407 12565 88312 49181 21489 59688 85327 47737 43158
3740 19
70845 74579 70126 28429 37086 68795 40681 54151 58097 66815 89604 27039 16097 46351 96736 58495 63558 77835 81339
3742 19
43408 53473 45008 10046 27890 90056 70768 12235 38515 39609 24138 40542 38617 93305 19787 57230 34927 98741 22010
3755 16
84772 79379 6167 63749 98204 11814 93419 1719 69000 66021 89386 54060 93679 89399 36632 28997
3761 19
18111 95687 89142 88316 68646 69288 6914 68579 55676 39340 58738 36152 41286 97569 9296 63048 32960 51684 11607
3764 16
4642 76664 6290 33508 69806 89748 26712 60695 75741 86064 6181 95518 71135 56429 60792 51167
3766 10
96098 52837 22781 24788 89793 72504 41609 23121 53710 97610
3767 11
63332 81517 30125 88197 32577 34176 85214 48637 78158 40631 1089
3771 14
84474 17287 36790 82940 61793 88728 68262 76040 91814 52795 29084 50067 37818 25515
3774 18
45267 9862 74696 39444 74135 78004 4848 64044 31987 35652 12810 50395 28910 64308 62564 87531 16820 99852
3792 13
1063 52854 1767 98249 66718 92435 82939 32753 8578 47166 52065 9826 75482
3794 10
9590 90603 75484 64506 67482 59590 2033 73939 77809 61049
3795 10
63779 560 7354 28233 3783 80409 72062 16388 93681 73797
3799 11
46694 10226 39530 51969 11880 19530 15463 80779 61032 15914 88472
3809 14
59913 50129 63510 36488 18727 57952 76234 74886 51822 86093 42530 1735 53060 62002
3810 12
31656 38118 80514 87315 15569 50615 61650 38226 75686 22372 89826 32172
3817 18
99990 554 99407 88456 24180 99112 23889 76056 59532 1970 35154 88142 12370 20117 84939 37798 27449 84587
3818 17
55017 96670 825 37897 98521 75954 30574 24980 21513 84791 88240 68854 85029 77664 82884 36133 40684
3837 17
25504 76390 64117 48163 89564 77605 91342 64520 1730 62685 27601 81538 9470 52789 98230 22974 77213
3840 14
21985 87178 99721 35383 85873 81718 78316 82945 16075 77180 57288 5334 16237 96164
3852 16
9965 74830 30191 78232 40172 60599 15380 53683 77869 72242 187 48069 58777 83839 38591 77060
3854 19
34562 27739 28622 28893 32246 92790 20817 94929 76913 23882 84046 80787 23466 36681 6534 55034 45850 69562 2245
3865 12
73034 38846 92300 56899 90434 22710 96823 59457 56930 21619 15987 44454
3868 16
38492 45565 79373 14853 36551 48204 77797 71860 93556 20585 8246 15483 78867 15235 35657 88866
3876 16
35264 8714 68830 32338 41615 74294 61376 80512 96222 60734 39322 82329 39365 30773 83254 61517
3877 13
15317 71269 93138 49300 73025 51413 63049 99109 99715 10917 78695 96445 56436
3882 11
36839 15361 69472 19096 14591 49323 59879 96397 11716 40561 70321
3884 8
35026 63567 29028 16854 79821 48563 67465 48650
3892 17
730 86775 92764 42265 12462 32622 80893 53692 22403 71082 67317 98800 62900 94948 36386 99035 20053
3899 18
87204 26833 96065 62006 53892 39555 61790 31861 34694 37706 3164 14286 501 51086 57756 65256 94267 77763
3906 11
49262 91591 45066 67311 1949 8468 36478 6030 94329 87685 83516
3907 10
39237 33825 27219 58981 34950 42943 99279 92245 45631 14146
3919 11
69802 56056 15819 89941 4461 94347 66590 40245 21917 1184 90734
3932 14
40438 77422 2929 29211 49927 82149 70752 64017 80363 50601 59960 56522 76902 35609
3938 12
12180 37595 59885 16110 38662 70893 92820 20791 68684 43547 75092 83826
3941 17
68285 81858 80541 11777 28017 82345 8724 16478 67271 41397 83562 85941 41179 45541 84220 22286 35672
3944 11
24737 45395 340 20268 71849 72868 31687 64848 39648 21773 31866
3953 18
8169 19290 28280 80813 15550 38261 64680 64015 95955 32155 11603 95826 88667 54495 51407 66720 78057 5704
3954 18
41484 73483 90743 53931 26948 5135 43546 29964 34879 89107 73802 94482 41916 65492 65040 60846 82309 19488
3961 14
99374 2633 93394 22892 30526 22304 91102 737 11497 63866 76044 16499 23102 56275
3962 11
65945 97899 84159 20584 72827 20353 62747 74529 25172 83948 57824
3963 12
38634 86171 84695 85557 8815 40175 44899 46136 14372 77271 40951 2032
3967 15
9551 37839 78743 16002 58643 37267 89256 78523 82439 65345 81836 3934 98150 5029 45867
3978 16
34379 37725 22060 14252 16469 64152 8031 92462 23535 63814 16539 97688 30858 64383 79777 83202
3981 14
28564 51948 4900 29157 8408 24824 53195 16378 21890 11556 15513 29189 47001 34633
3991 19
59533 46311 63001 49440 14661 89303 14943 18276 47613 90156 20429 53412 19820 965 84748 60091 74394 76039 13418
3993 13
43520 90129 50285 60365 22861 4313 57768 63237 21837 92861 58199 56292 47019
3999 14
22678 51204 34483 98584 12382 68419 3733 87352 48817 77440 13657 65489 56661 97302
4009 16
27711 88274 12036 6223 22849 19945 10299 48518 50902 12842 470 81097 46566 11151 23720 68550
4011 14
37512 84344 95834 25444 71497 19886 64750 45199 27333 62780 91863 93247 17556 56544
4019 18
17988 97287 86048 70984 97352 28194 22638 45883 11158 93507 4418 8242 68577 77622 73502 24748 75900 46896
4024 15
70994 74278 67597 96867 56147 40333 88984 47185 74750 56000 97843 67415 61395 7872 85138
4026 12
97985 86359 25243 79079 77408 94401 8548 15377 9852 57601 11163 398
4037 15
56820 79528 90516 15345 37484 25943 54646 84441 81436 47427 36940 57868 10238 98773 14868
4038 12
95365 53368 42005 46611 28298 8676 49080 52765 42184 46822 55901 75852
4051 16
35248 17333 9620 8125 5515 68216 80069 98700 53869 65163 62246 1372 40497 33682 29030 80213
4055 10
22090 37116 89428 87860 46505 54818 24286 72834 20119 62326
4058 13
27207 50042 7336 17426 7826 62267 56871 46267 53443 29557 55020 84900 46516
4059 10
36425 86716 50230 23918 3166 19054 12229 88056 62569 95569
4068 14
79609 48269 25918 93308 75385 24237 53021 53856 19220 64187 73470 46190 57186 72005
4072 14
27998 68899 20232 79547 72640 40813 20136 66899 79313 45975 82192 24964 82737 49199
4073 15
42866 26997 53563 63376 10082 15461 55069 54761 74354 28100 27832 80978 27061 46024 68855
4074 20
87114 31062 99133 71391 87243 40629 39999 95431 87003 47160 15039 7282 33235 66165 92803 95481 60749 75565 22232 2184
4083 10
3262 92141 43990 67135 23437 17715 16089 71983 1959 52309
4084 12
47224 41848 37389 7800 28011 684 68634 63578 80992 28414 22613 43610
4086 8
4242 35575 14904 66900 30170 78895 90228 77228
4101 13
58277 97993 37650 30611 65510 8983 39838 16166 92118 65631 840 20012 2013
4106 15
45410 8488 10172 32081 62699 91470 52055 84662 60014 28660 74113 44682 4571 30996 20739
4112 17
13957 46917 68058 8967 8516 20577 72854 95395 88453 30218 67144 49884 7423 35584 65305 27645 572
4131 11
98570 4836 27471 22028 41250 24381 75013 99152 90919 30117 45653
4138 19
6958 57000 59332 67693 37046 96595 34073 45495 41421 16048 57207 97831 55497 68663 74424 17444 45568 92204 7028
4144 11
37344 39049 45036 68020 24065 82676 25841 75399 22877 53109 62863
4148 14
55540 83557 15851 43422 67569 57102 41458 40062 20686 39748 55818 29142 13890 42985
4164 16
83957 91515 29670 5488 36802 84170 32376 83030 31466 4903 4947 35906 13419 44932 40738 87460
4170 18
61321 80354 1918 62841 83717 39584 52006 3723 22287 84045 56800 8546 9654 21707 13380 62164 78045 24690
4177 15
46241 96601 29695 46104 7999 9436 55037 92357 4981 83485 53773 7074 62027 76985 7032
4193 11
24403 49397 34675 99564 97482 58278 52011 29869 8596 16068 82470
4215 16
72899 9327 80542 71012 97864 99574 23126 67456 89433 12790 25445 46303 4969 18783 21730 2736
4231 17
24035 52359 48429 68464 17548 96225 21764 6070 7049 83453 26108 37715 81509 33514 28 93013 22830
4240 12
64143 32396 4251 28790 51006 94630 13786 27639 84070 13144 3155 23083
4241 19
66206 16678 5812 72229 23074 69432 64581 94093 39604 32512 87208 62174 80956 11817 28901 63342 57750 22983 65406
4246 18
64689 81796 67222 59780 38259 42037 53527 44035 66005 32000 84822 4405 8708 21451 75618 23821 9858 79660
4252 19
34069 51077 69466 56397 41155 28200 6511 58654 48475 87121 73169 92372 73659 26067 62340 72729 86957 19213 73224
4255 18
36939 63616 49819 80831 26711 82795 99761 67242 96564 30433 77860 64636 43634 86205 72649 86341 56287 81866
4275 19
92110 98905 93416 80800 86091 95189 32042 4338 2809 71821 70417 21220 99148 47970 86342 80892 63686 60857 46631
4277 17
15890 88908 99806 76576 46843 43504 93834 41002 76239 59812 21120 50526 5683 34590 43436 87780 1840
4278 15
95136 54399 20348 4872 84134 71572 86558 25988 25418 71948 89993 60842 1017 72711 99700
4284 17
40266 95026 76024 91306 55489 84059 4492 99442 79501 94524 33387 74488 23103 79590 37144 72299 20698
4286 18
94078 36134 19737 30247 37881 74607 25702 39682 68748 59139 97766 98587 24471 36066 8873 66223 73082 20151
4296 12
14114 48371 50806 5238 41940 72608 35221 51102 99217 10096 84356 58130
4316 18
18902 66447 26179 59990 99961 33788 24007 37870 69061 5208 35146 14926 27151 78639 71294 87587 77513 13342
4319 12
7365 31577 28815 5288 67521 61789 83203 49885 24612 64662 88250 92950
4320 20
15289 20351 48582 17619 42132 61953 1680 89483 6675 62707 23979 69719 830 38599 33109 72292 64836 77437 18150 22018
4322 12
36829 67334 54195 65295 52044 19106 89766 66566 34128 71686 93830 39247
4330 11
52496 6287 87042 97836 80442 2290 60050 96206 72368 71274 96715
4335 14
99095 15255 39524 68645 33185 17438 29956 99288 32855 31668 80515 81200 68833 63322
4343 10
7638 63682 98499 30423 14267 27144 51840 2801 6854 98181
4355 18
60822 47254 26051 62132 13807 28851 98644 51294 50139 56024 7753 1478 87950 45052 57430 73320 62148 55999
4359 8
44374 2302 43800 14621 88920 97827 30486 25459
4364 14
48440 33386 30905 7404 95358 34216 36672 94136 15208 24242 34699 70129 61301 21995
4367 14
87161 92503 65627 72896 69318 44992 17410 55056 16329 83027 8973 27337 83811 17724
4374 16
76539 5748 65200 21304 91289 32556 36125 84396 23023 2140 7662 8107 14610 83665 86257 77843
4376 18
36979 61068 11920 35578 13887 85611 67236 89574 39423 93326 67537 11674 29485 6162 92619 13235 98040 89126
4380 17
21474 45042 46072 5229 18963 42963 61185 11324 44273 93492 38621 52213 66833 43103 82752 20263 20565
4381 20
54841 50195 31979 1734 89736 4894 58217 47841 81256 38524 24950 46161 49126 1852 3505 75947 18215 40460 38669 21975
4386 20
50686 2757 70149 51286 41057 41768 1441 58984 20278 53983 74910 8144 51559 55159 25605 27770 63486 81146 76411 55589
4393 18
28106 92230 1359 96102 56902 90953 34591 61800 95520 7129 45703 83247 45930 23274 71227 77553 37998 41944
4395 19
19596 97933 69050 12772 78663 68609 14023 80554 82899 48010 93784 84928 91851 90725 9978 91034 77725 93942 66605
4397 17
27853 5263 22832 41856 61075 47282 10042 88370 63839 1045 18659 766 78149 57816 70596 62566 58227
4416 15
52954 2452 91576 88200 74895 30739 41730 6304 89128 42419 89933 24001 12644 45290 12537
4418 17
29282 33205 67755 39182 19681 60606 86187 86946 22534 76399 13175 19468 23067 74273 80276 66886 8449
4433 19
66372 38711 19352 29276 63561 23365 43036 27731 84020 12864 54230 10802 68362 53097 51197 51203 94976 46541 64294
4434 12
61601 90285 50089 14462 54041 22448 66710 90926 26596 95613 76501 52445
4437 16
3701 13497 58316 47173 59281 68618 69434 43054 34930 9398 40073 87815 93000 39214 51678 80624
4439 18
9881 30114 99588 42593 65954 24579 11204 13903 39744 20796 75100 75771 10386 91600 72389 54368 40174 6785
4445 17
14088 88140 63365 73735 96486 32619 42766 73055 59127 60268 77720 86879 50809 43633 56712 62825 43752
4451 13
18960 86801 27989 44298 79238 68683 90828 82748 73365 9740 35019 90999 76468
4457 14
74825 72866 13166 87383 52833 39188 10762 29944 43625 72070 90672 89588 29127 89928
4460 17
96436 8319 25169 98425 21702 69675 12804 42973 35789 54694 36327 95798 51201 43208 56836 82131 76084
4463 18
47407 33779 93378 90453 79233 32644 829 45282 83013 49953 53413 25398 87340 25685 39388 47964 7858 28195
4473 20
77021 62394 50710 80782 51623 91984 18569 43064 95684 23389 49167 71325 50259 81713 6122 26005 73746 53865 4317 42415
4486 18
3231 66033 64356 32746 7655 88634 89647 62927 15357 84361 85850 92910 32430 58740 98899 2710 32414 18005
4506 14
9268 88297 5368 7121 93152 39993 48250 69560 98349 63107 32001 68459 38358 46480
4509 10
95328 5678 1256 244 50063 50580 71811 6341 73001 83217
4518 10
11641 678 58567 835 36700 13817 62287 20916 81118 2404
4535 18
28816 30949 59703 17603 57008 23752 60973 81877 96236 4879 58582 7516 36600 25667 66425 69520 28322 77091
4536 12
28141 43032 38760 65777 25582 97767 12889 68834 47878 68234 39683 52835
4556 17
64604 91644 76785 33926 54089 74165 64985 972 45034 15115 43049 37414 87866 36222 57800 40510 32157
4563 15
50753 23443 98262 33076 13028 57610 72835 77888 34839 9803 89260 77153 60440 90525 4685
4582 15
98085 78386 86592 28841 25238 93482 23834 34486 67075 29228 36441 82478 60147 88897 79193
4589 17
65364 35659 42443 37167 21652 68905 13094 85547 57543 96657 16290 7474 69690 63137 25544 60847 15019
4592 16
128 99838 22769 71248 73461 62166 32609 66520 56565 7033 94241 67041 2737 50130 11984 22756
4604 12
5038 15376 41997 39649 43924 98772 2724 97600 63847 96775 12035 82423
4606 11
59143 78370 20684 93740 40242 57936 24020 45877 93551 44605 34227
4609 9
98779 4505 31435 23197 88403 14716 64112 18618 27165
4613 10
69642 7670 61798 7768 81600 12729 64138 38373 4585 64159
4614 12
76366 32798 90052 89416 96201 11040 80231 6797 92694 38614 59414 4248
4626 16
27547 12639 47575 76669 31619 41373 55430 5799 61425 47208 43299 72668 59185 5871 93171 40041
4630 18
67946 54033 72945 47610 48216 29479 82768 7177 79817 28823 66660 84525 84719 69243 43959 57171 7100 91356
4633 18
542 51555 15868 55488 48799 5107 78025 44404 16914 27747 1542 26653 20706 38658 77396 94199 73972 16590
4637 18
20123 89102 58115 89342 54237 67409 96659 36055 48895 72198 78679 50684 16353 95262 46712 26142 28299 63609
4642 13
69737 58561 55036 5820 37582 18398 28643 96297 55167 65693 55836 87856 83257
4645 12
29448 81895 4785 43472 8274 98861 35526 87740 63969 95329 14428 23371
4660 16
8268 53046 26081 68486 49197 18015 10404 6364 82664 34629 62952 72867 50666 75421 49130 39466
4662 16
65523 33622 54332 80872 81664 37001 69919 97067 24376 13801 43970 43931 52840 21831 57780 37350
4669 14
16777 47499 10928 70364 7570 97200 38851 97651 51957 20140 33474 50155 80104 53493
4676 11
51827 52489 12589 59718 32880 44846 48092 52453 19836 50741 11921
4677 15
98754 12029 86628 53479 71682 21688 13292 89654 28087 96475 72469 5862 44563 43563 60333
4680 13
18243 95462 45456 71548 58662 44996 72904 91504 41969 15998 43850 19316 28371
4684 10
63262 58392 85546 46343 75207 14547 57563 41616 25207 82189
4704 10
14343 46492 11965 96939 79826 26048 47679 66137 45187 88817
4705 17
27498 46654 58350 28939 15961 29112 66365 95102 24661 33664 26982 71928 92431 51664 19051 9691 37941
4707 11
52851 85339 32447 26328 17278 95990 60478 22690 66824 61388 51038
4709 15
99818 17018 32335 83375 56521 22896 21958 23260 99015 5092 2618 95146 48454 2950 47659
4713 19
76521 20393 55232 344 86903 18798 79089 70362 2430 15233 97498 15110 6256 47016 4500 16018 42024 20958 7840
4717 16
79767 12998 49956 26828 28190 81351 61563 61195 43891 67252 86264 3319 51880 2654 65413 56201
4742 17
87984 22189 8825 31916 80334 79458 71030 40125 31598 1743 19146 10573 13207 96223 93082 71519 56443
4750 20
71773 42356 88763 5762 89323 33987 68822 36626 37214 20032 12153 38488 59189 37091 65542 27589 96351 83605 58125 54443
4758 20
84347 99010 23928 24709 33654 92408 37923 2051 54287 47525 91216 74497 2686 71749 63986 94218 4552 26076 61417 41803
4775 17
40231 75465 24571 22934 46064 76773 82844 18438 27594 56806 51815 3796 80663 63833 85930 78072 39341
4781 16
51071 73475 51238 59558 59962 81073 79472 33718 94454 91706 82957 2412 58752 31469 22539 94795
4801 14
2688 23200 85702 70761 69639 6454 86630 48752 31314 66669 40202 66706 75340 27033
4803 14
54173 81947 88501 4008 31486 82890 64724 42472 25838 10540 73946 88996 93237 38697
4813 20
70504 4925 61968 46409 80023 40613 56513 48889 81110 44893 4381 1619 80938 33141 92336 94508 79227 33887 80961 53605
4819 10
63796 26213 84548 99325 60731 60756 557 90984 81331 31965
4828 20
21408 11114 44288 24202 41459 32776 80393 51609 28147 66981 30359 24457 91838 18825 91043 45350 54907 94398 80928 19797
4830 18
31810 60012 9797 16188 297 38252 57205 47652 50014 12587 90737 52179 19407 43359 44469 65869 2082 90407
4842 13
52704 4365 9974 1211 97578 33208 65477 25224 58294 76119 92665 1231 51183
4847 14
81475 49101 78893 2851 28196 18218 43770 39814 15764 11089 16173 85766 86820 43682
4855 20
66955 74976 61824 27092 50795 46226 48909 68090 60112 42704 44135 51015 61253 96900 96302 54726 85241 1671 49002 21275
4863 20
79209 83980 16770 55508 7020 88676 46266 2632 95228 23304 45500 84737 14433 99144 45776 62723 21759 89245 99373 15612
4871 20
72701 66996 17164 18945 98377 83073 50357 17652 68337 58146 55914 11543 2030 10014 42134 52743 29616 79041 12492 920
4891 18
4689 28246 49811 42432 28267 23732 74078 99788 35489 23737 4718 28857 45691 38593 68083 81515 95816 4167
4892 14
50779 23298 62575 92278 99600 42322 53588 91660 27342 84002 67747 67902 41906 11386
4893 12
29853 4774 37160 96674 45773 77511 56984 93129 30105 75560 30989 28005
4899 16
41152 65691 74215 73846 29330 48682 27080 85295 86865 92872 24682 9500 76791 62154 80821 84137
4919 11
82160 24316 30015 19554 92830 74860 76319 60469 98753 89104 6006
4924 18
6532 66797 71417 33792 59889 99110 66609 44115 21951 44645 66749 87012 13354 56151 48782 93078 59614 92541
4940 12
7260 59598 74758 553 74729 47450 12788 42003 43756 62662 91130 93594
4951 19
79988 58531 97325 81802 9077 28703 84586 99435 94786 4648 80866 47056 17051 17168 68640 60946 54317 83976 60464
4954 10
47863 77046 50514 47674 10858 24713 21048 73161 16131 51508
4959 18
29723 4300 43890 49735 3639 33020 20512 84925 3267 902 69932 34997 63591 18060 90498 81043 8115 66854
4972 15
97453 85810 76641 95446 8511 69628 64964 10804 9630 78871 48452 77302 24293 97998 58899
4975 18
27153 77534 480 8832 95820 32445 9209 31660 17712 67501 44093 34111 4055 59131 50453 31058 82202 46795
4977 16
36862 28157 67010 29970 90518 16293 65947 25892 37896 50638 24860 28301 49185 11548 11224 63297
4979 14
37300 98510 52458 17766 69293 68539 57151 82888 18678 9990 52596 5945 34099 55331
4987 12
21565 92545 85808 41791 76805 83561 24986 82912 19561 77044 98236 97016
4991 11
65617 40319 12143 65955 29939 32386 6206 11289 52266 71099 94539
