233
8233 13
8745 53464 89099 68056 56765 58218 64706 80454 29074 29526 94539 34438 74651 
6793 16
31062 17817 28348 57183 93306 77295 19311 35889 11329 67385 42097 33019 6450 79152 74394 5382 
9391 11
13629 48509 72721 48957 12673 39802 67200 56590 51622 37406 17410 
9194 13
59157 4963 29590 26115 41785 4539 25992 64189 6235 97853 75238 74960 14916 
4901 14
84160 67512 53896 51560 48602 95273 82504 61114 28517 68135 84554 19226 90920 95703 
1123 11
32793 39015 62034 92945 58159 25432 13407 60904 81414 15386 84388 
9488 20
65138 2066 69093 64962 83841 56445 68383 6478 29148 84273 38918 46060 88831 54925 28230 18437 15888 48457 65239 35734 
4817 14
38858 11129 48229 88560 71596 54216 30252 15645 69823 86077 89661 42036 94199 73641 
8314 12
13404 41045 68776 41770 15104 49592 2974 3608 26183 63791 8642 56962 
3886 13
35844 74004 60804 46677 348 99612 98677 10357 66649 52453 94433 40211 26404 
4564 11
81654 66754 92297 54507 79075 74868 52772 38771 3192 61444 90239 
5471 16
44193 14515 67905 24670 70949 64136 33430 85226 31354 54303 90653 69600 62953 92558 60059 65498 
9093 15
57611 96266 2620 27631 3637 27202 31087 25059 78053 47842 34264 5390 37587 37359 3390 
9616 11
26504 78190 41559 16417 7556 75156 1364 99815 17570 1692 86840 
2539 10
85807 33479 74772 66248 363 3525 90520 67436 13589 21394 
8931 20
79669 64479 51296 73278 14270 99045 48430 14462 68618 9389 85129 30542 19568 95780 78860 56908 5681 46470 73422 44975 
4924 18
6532 71417 66797 33792 59889 99110 66609 44115 21951 44645 66749 87012 13354 56151 48782 93078 59614 92541 
389 18
60971 16355 31056 56458 35995 91243 57105 97289 85213 35872 89658 98125 80513 60813 46437 2817 3777 62520 
4734 10
96572 68983 75841 57495 11459 85568 49293 14261 3103 68397 
1389 18
22007 40648 20436 41607 14531 52010 76775 69854 66213 82435 97789 52050 31715 24241 55991 27496 26938 30193 
3430 14
54262 32419 76472 92398 74396 34142 63675 2873 13882 95161 77484 47590 20898 93288 
3007 20
83671 31676 50571 75235 79125 89895 83099 50121 38225 64682 566 81916 1852 992 33591 70633 19702 88255 42839 47921 
4125 15
58448 45857 45652 37020 11529 90771 83950 16012 47913 32441 42562 61231 93637 56233 94709 
4702 12
69507 18120 51903 56680 73664 64164 3733 5404 41788 80085 54018 941 
7568 15
47483 84207 98554 65272 6727 13940 90270 1043 95150 99280 27999 74596 62643 17092 62233 
5349 15
95302 35796 76176 46846 92947 20775 87421 92113 73137 87938 16421 28270 94626 67313 96240 
7345 13
86112 20891 70066 46556 11832 59761 77491 94454 98359 22741 20623 21814 28122 
732 17
80021 28125 39984 18196 38548 75535 62005 8992 60855 64367 87536 11631 3234 23908 74097 80867 79400 
2899 18
68108 2976 44661 43619 97387 37429 78020 33647 73507 28443 64415 89161 7636 97510 66185 76929 22960 23790 
7133 13
89169 46713 15162 15493 66003 49379 33944 80003 75087 63144 9296 91356 40098 
1982 15
16936 94342 32294 52438 31774 96759 361 12602 87622 84818 29932 81338 25876 78579 91896 
4767 14
28234 50864 24827 88103 39064 88543 14803 84459 5891 26825 82868 96660 23305 91510 
1305 20
66909 53253 32496 67935 771 86033 19686 16862 24 463 63400 1409 75980 2 16546 82176 85390 19682 80068 64397 
807 11
69011 74967 12158 98228 89492 91342 92675 18713 9120 37474 1648 
9576 17
94174 20184 93554 49369 32639 87975 39473 67414 96929 19706 87698 16203 78665 49846 59675 81546 5918 
5875 19
7615 62484 96747 75383 51828 26640 77626 8302 23238 86782 91866 12014 20727 19287 71560 10329 35502 85039 71206 
9021 17
75777 82369 38776 77753 31230 75502 2409 45478 49148 75568 28584 14594 28312 79065 92710 11422 60022 
3303 17
89920 89360 29877 6550 71522 3307 13727 2499 4578 84252 76567 23538 85269 58545 41581 40041 38242 
2385 17
89783 93991 80895 40289 88792 34520 93376 18518 64820 81722 49303 96413 69049 31141 516 32956 59548 
2872 20
5149 15290 50922 44347 37800 79408 25658 93211 39893 9651 83886 71926 21967 10387 76796 53109 3029 77664 5565 46245 
9601 12
88932 7582 44498 21094 31712 47318 78293 6231 43950 49023 76649 92024 
8945 11
85220 69155 43092 75956 89856 60513 59878 59447 126 64281 75890 
825 18
72176 88894 37375 63729 32974 78064 83695 69306 49609 20058 19761 16387 35649 44047 62630 72211 9758 96894 
7197 19
17486 23852 85002 32052 47711 29183 22905 50884 57825 35493 37221 57881 60373 70548 9789 45087 40527 79354 33752 
6161 12
81974 24389 26318 59990 60767 38435 99286 87525 29286 92158 35688 67731 
4977 18
36862 28157 67010 29970 90518 16293 65947 76211 25892 37896 67647 50638 24860 28301 49185 11548 11224 63297 
4652 16
38038 58884 15793 29804 63203 32335 91221 80157 31 31267 46243 32075 63342 61260 80138 80473 
8613 20
46159 36244 63359 84969 1234 128 91488 69355 1713 90998 9037 40149 34023 54571 93189 51849 89288 28574 34227 50683 
8803 18
70382 58139 33342 27981 88397 30974 2337 30140 52491 90942 9032 88551 53486 7962 81065 24142 59038 18048 
2094 19
33503 14588 48468 94298 30639 69442 60462 42579 440 8193 8563 33218 14668 86457 94594 17621 54561 19098 35843 
498 13
64733 84687 14276 74383 80075 55274 4651 90223 11241 38688 72849 77897 75135 
5163 11
13938 90373 57327 19168 31343 94280 72750 91531 8801 51805 9949 
3760 17
88256 8012 42642 84344 78382 91615 54754 20583 8729 87238 45883 21777 14940 87902 5004 24970 49292 
1386 13
77043 17123 29755 73646 71263 60086 93434 47064 11039 68676 89455 58784 99412 
4919 12
82160 24316 97559 30015 19554 92830 74860 76319 60469 98753 89104 6006 
1923 14
99277 33125 40123 778 51298 9757 85162 58861 2883 98448 23612 45187 71859 26537 
855 12
58377 46763 65175 72229 60867 43905 30316 30803 5862 74352 75611 11017 
9418 20
31984 94844 6337 23166 55364 90469 38012 74813 39933 67217 92734 73199 76325 43477 62226 78381 26456 69177 20980 91655 
4284 18
40266 95026 76024 91306 55489 84059 4492 99442 79501 94524 33387 74488 39219 23103 79590 37144 72299 20698 
8019 18
73067 88985 47217 36129 50090 32876 67302 43556 89889 24147 88125 81582 3491 48567 73470 89292 1958 83981 
4357 15
5231 16512 34831 4513 60369 51822 73052 14906 69174 50562 94566 87813 32080 62584 82032 
5229 13
33429 46851 21609 23585 45569 70909 22332 40015 92779 70500 40749 50471 77406 
1958 12
47326 67480 10476 57066 56930 55623 6851 68944 11340 30599 17895 25806 
4723 16
70995 35634 7505 3802 83749 56173 18504 49368 41290 82517 70715 98470 81918 14968 87516 82731 
6765 19
15004 33094 92120 21043 38382 69687 4950 81792 51490 91778 83389 45255 65380 28933 67987 38665 94960 82728 88955 
4874 20
73012 3213 38081 87722 39467 75091 89396 43487 88018 31795 8489 4103 40733 87354 50172 48258 25801 53547 98302 55639 
1675 14
71763 31093 6482 59310 57446 17461 89105 33333 93156 68374 76265 34890 58821 97179 
1132 20
13228 105 84502 21533 21363 48298 51733 88903 3261 42644 40655 32146 71646 54808 58438 91957 47465 33770 93410 12537 
9917 12
1228 66164 63004 60850 26075 71217 27128 76395 59759 77235 89780 32467 
7051 12
40751 12951 76681 32634 29040 8823 44569 2871 87668 76967 6632 83985 
4591 18
91060 49825 32615 82178 55541 3835 71314 10925 10160 87514 14608 65310 81368 60480 40194 96965 49980 61737 
6645 11
82989 73926 5018 80150 68788 11090 55235 22571 98520 67775 6841 
3470 15
23632 44068 20222 72116 41087 88324 56067 77800 78132 33836 46955 73037 83206 98740 20558 
6180 16
21954 62722 86197 94243 18528 31646 63145 82980 73166 24706 34947 70122 46589 89906 4378 20439 
885 13
35954 42066 62829 84377 75249 97369 72868 15592 10289 40780 25953 2867 53355 
9202 14
33126 49348 58758 85495 96604 63650 40365 16826 78297 83651 31009 77606 52936 17710 
15 14
83108 12330 29618 21436 2196 17745 59740 8913 34990 81548 23394 97244 17740 1051 
6294 17
75173 54865 21024 9009 22041 37155 27733 39725 99422 8396 6798 33203 40842 28307 24695 86185 20035 
5776 11
57733 83053 68503 51340 40392 97822 90500 17658 65333 29014 89738 
4174 11
48897 78393 57189 45492 7436 57123 10560 42829 71356 16781 66094 
8744 19
12443 25368 37131 11448 18487 41319 25213 60081 50505 3145 40512 84486 80010 25826 95147 85853 95850 32139 48693 
7380 20
20947 60646 60172 37914 31465 64757 38921 12342 2230 93267 82460 28082 87971 77412 86337 91080 90981 35840 86398 49526 
147 19
88118 35845 68662 10586 22178 94927 19749 73296 63425 52718 14550 37740 53926 37483 77014 55169 25669 37898 85475 
9048 11
9139 76919 51399 41335 72848 91713 87990 24196 76152 69244 81440 
2202 16
3811 69631 70179 41996 78099 34272 47233 83847 57138 32170 59895 62225 10695 61811 58313 37238 
7887 18
58093 30123 76737 81902 30759 69338 38533 76911 98616 93680 85941 2103 65505 29493 47988 32807 31212 5873 
6736 9
63766 97971 88797 33980 62677 41002 7372 2769 24377 
730 11
17254 11620 95540 23583 7895 26970 46399 707 84295 30975 92925 
1248 15
84695 58118 2775 6621 34379 56133 18824 28717 77456 83639 66769 87346 28240 20148 48026 
9698 18
49355 71194 71931 67096 51196 1781 8623 65985 59490 83381 33685 45340 94939 94115 77378 9822 2858 92291 
9688 13
42910 89480 70708 1440 10213 9482 76008 97888 44090 27443 39905 71123 10427 
7797 11
50531 47329 88782 27903 58301 63518 80164 71402 79292 68117 12064 
9858 14
60372 30225 21636 1617 19044 60637 51796 61711 56789 22104 63971 18419 82582 45325 
5720 17
98883 27025 33871 94886 85042 69400 44553 72616 80549 82922 67306 69889 45787 24852 35702 81686 34137 
6251 15
69835 59385 41244 43311 45069 77515 55479 43764 80211 85018 12864 15844 11089 87309 16022 
6398 12
29115 88804 77221 75037 61539 19784 16155 50044 89873 74795 84939 97074 
3691 20
14220 11485 97037 65137 72906 27638 20903 43392 27344 31459 6374 74814 10688 25828 2121 41646 79731 74413 66869 9338 
3503 15
20697 22383 38250 91772 37730 6577 79085 29235 56870 99051 77253 15343 87804 53569 51276 
8486 18
26909 53750 97068 36281 50670 19754 64266 89306 83917 65919 50751 76256 57291 44586 45855 76458 226 37235 
1959 20
26926 2558 58849 22070 78377 40740 80465 30904 26841 65440 6488 30360 8816 37462 15504 92586 37814 79779 66986 33065 
868 19
4022 26508 48775 19436 4267 38056 55200 42156 89428 50252 50525 98580 17941 44131 47902 52243 20414 71352 24532 
9025 19
44695 81156 38285 16004 16832 77911 80246 4864 75869 43467 87040 63513 49573 54608 94448 32352 91403 85570 11984 
1065 19
95946 9836 50281 28543 39346 59899 88148 36080 33295 76483 9015 54970 93966 56400 73016 87160 78289 91882 77947 
5378 17
3198 19774 40327 32338 41728 5603 92551 18337 93371 49132 53978 80017 26865 12091 34771 93797 20739 
9783 16
69770 31438 87201 72661 60789 99879 17646 58707 39361 59326 22658 41426 32306 49852 99054 93885 
7699 18
89265 33178 81612 69624 66233 19924 63206 39033 95288 55838 14901 28705 97305 11227 57789 55520 31268 81304 
3057 16
65549 17179 30479 73583 70575 12881 59471 49844 12960 32549 70657 86702 48011 44414 46553 33425 
135 11
54535 92939 29083 3207 60779 62166 30895 59512 35987 10386 5639 
4507 19
42898 90716 11041 46145 27478 65431 39788 24322 95668 25989 43499 23624 49126 3434 22220 36429 8689 9967 82715 
8156 13
58601 37243 87406 24883 13165 90742 2740 81083 61371 88914 29121 38185 62155 
5657 19
73480 33281 78988 67741 80503 18454 92380 75887 69904 50827 64581 800 63238 78482 98308 21905 65475 21972 89115 
6576 17
16114 56232 99596 63402 29679 96340 50222 67843 59711 19078 27080 90562 709 37713 2405 76289 46173 
3875 13
26869 37450 87970 21013 16807 79753 82216 95537 6784 8439 62993 85082 24397 
8864 20
74161 29077 98665 3008 92168 10942 123 3644 59322 25442 84343 58855 66286 89664 68425 9988 52428 98952 2765 45015 
7210 17
21546 71102 4007 31367 57706 37642 25961 42981 51826 70431 87597 26259 70694 77323 40898 75059 49485 
8172 11
54733 50599 8876 92825 75029 71639 37181 60178 79980 74005 46340 
1064 11
3696 68709 43738 519 25526 58305 55237 51195 30403 63948 33307 
6885 15
69466 66579 6480 37539 57256 55405 82690 51407 92336 5015 63259 85859 17732 27088 19537 
4461 10
70088 49969 54919 5528 22868 43351 64411 23011 11087 9593 
7978 12
38717 35967 35948 77267 35563 30839 24632 89022 99802 7918 16223 98577 
686 16
99095 33649 9428 37056 20731 1426 73923 44873 7977 73439 14101 58208 7064 49054 36535 69344 
5860 18
4525 8792 13108 82990 925 54545 31262 74094 26810 57872 47952 25002 30580 2073 65811 77344 13151 48944 
9709 16
36457 72536 3868 51221 2283 60843 40955 35712 4313 62418 23277 59329 4656 164 4315 3034 
1970 11
17137 22341 60864 71777 35806 92429 60718 13325 49785 80411 30317 
4636 16
73712 90992 86229 16954 92088 84617 2958 34037 46475 47533 70493 74356 57562 44427 44546 26310 
6047 15
18078 49916 68781 49266 469 1221 40579 76807 63128 13471 34991 29224 83795 91465 42806 
9859 14
192 16269 35233 32797 78722 39410 80912 72177 63036 87235 50274 43040 42500 38544 
8819 19
27865 31332 24333 59355 65567 59111 15798 91989 29582 97109 76663 41099 86015 68223 52412 18627 85374 92904 33467 
3920 17
95120 19411 24777 2540 33631 51074 19877 75727 26426 27958 57806 72477 71181 87203 40157 41913 77336 
4686 17
73375 15476 9112 78846 72311 81973 1752 66433 88971 18398 57526 42153 74023 51959 54065 24193 13138 
9346 18
71159 98436 18328 26084 79705 77727 38133 38027 42187 97854 5071 24251 47973 22483 55801 38112 13878 67122 
5438 13
527 60056 49632 89930 6373 44812 41381 12924 13272 68452 98 87397 94553 
3884 11
35026 33648 13120 63567 29028 16854 79821 48563 67465 12359 48650 
2153 17
51725 10981 86236 3772 7665 30320 80033 64509 56771 87457 94834 32598 52890 12076 24041 27909 6150 
9412 15
21852 7416 52814 11154 51604 93535 95131 49766 11524 74557 89398 70246 96058 18072 87891 
7793 18
31285 72328 74441 32914 45180 58735 71042 72487 19140 85846 76605 94310 61304 76578 73878 18067 64014 20711 
9079 11
14154 11428 88239 70917 13032 52028 76617 56335 42730 77286 82666 
7294 16
21556 55349 12787 79261 1412 23108 10973 14520 83796 24763 74403 92094 14773 64804 87816 9222 
1200 19
16868 64354 61912 10407 91493 69592 8725 54466 7003 67973 55893 78802 80901 98148 36681 81646 83839 29520 4632 
7860 19
70323 34841 420 42738 70194 10683 9732 53950 50291 47710 19307 59875 75104 36445 3402 41569 84469 24305 48240 
444 20
94801 31023 25777 21992 75863 47918 33829 31693 84956 47515 46666 50386 80636 41619 1892 36998 62467 55257 53963 3077 
3723 11
75063 1487 87323 2537 75552 35540 5802 28470 10411 80618 11245 
8259 13
17142 40306 39833 3059 22088 10457 38499 88886 94676 5506 50849 97998 58106 
7423 18
29139 85842 35212 27530 85889 99438 71332 49296 61238 67653 48104 93393 57216 77942 52148 77118 14758 4552 
2604 13
98105 59535 29519 91507 30991 43992 31014 54386 10504 56982 45615 81092 22864 
1419 16
58116 63769 87717 96856 88626 85796 46829 59855 66449 34865 75125 29009 3575 15409 20223 6281 
464 12
30781 7231 58271 26334 15720 57479 13163 10718 67821 91927 16007 14762 
2973 18
75883 61101 27393 18578 99807 33642 12163 78862 25017 48717 34494 37616 14362 14497 33853 98433 69762 34945 
6698 20
57357 49808 78708 78305 78901 20552 90165 48503 48976 61763 70031 16542 14519 29418 78589 89391 48694 93865 76220 52944 
566 10
2530 76305 70979 43750 74502 45480 23553 27112 86245 96741 
4735 11
42006 99664 85302 76782 15065 81961 99949 20641 2503 43634 48100 
1406 10
41090 18820 48761 50245 43125 90730 98931 74221 46065 18059 
8071 19
49774 81873 35723 66947 23984 15452 2861 38765 2657 35357 66959 11551 48279 63465 42564 31251 98239 8203 68148 
2118 13
15838 38440 54730 48689 63669 70888 10672 74657 22766 10304 43260 45367 19476 
8923 12
51239 84962 52393 18916 62108 60193 73575 4086 43674 81985 59575 19488 
904 17
28012 96928 24713 7538 90569 71323 44808 37057 86297 53568 62617 31208 64466 97527 26397 16486 1135 
7052 13
79005 33603 87600 69557 79572 84321 62402 69910 40929 64839 83861 58635 27824 
6374 13
96364 39290 61458 73713 46438 18203 3336 74859 82233 19661 1633 1683 90465 
9997 12
10870 28529 44061 47148 85584 63033 52051 59288 71992 69237 53944 72730 
3052 12
92615 18689 20065 74867 9617 60593 55255 70283 27905 96397 77918 40708 
1283 18
9751 50561 87663 96458 34956 61184 43971 18667 38825 30634 21454 99157 29280 65797 45905 18163 89194 78912 
166 14
80126 89617 41074 94813 96961 48163 8073 13328 45485 91924 99042 56389 40694 87242 
505 13
16898 92748 65045 14468 6284 79260 31996 49724 67860 78255 53843 65276 36162 
4297 19
5924 35826 50128 596 55765 81533 19612 85081 10514 8519 75660 25838 28652 77693 71757 40342 7838 40293 41818 
1141 17
17484 27304 97348 22551 20032 3452 14213 83684 61271 75236 22369 46144 36138 90440 22460 92514 76387 
1290 11
45281 42661 23762 86429 17224 36690 88267 56662 75121 22202 38405 
167 19
82163 80055 36303 72109 57990 60871 35985 45177 81155 456 3846 53815 15259 18981 28225 9431 19274 62572 91886 
799 13
74159 37197 13461 36640 92634 95566 3285 75466 61794 89529 92378 16068 74999 
1995 15
17107 1707 40432 49593 49119 46534 15399 40429 2420 99766 35064 44542 24716 84613 37517 
4137 9
1452 50572 23420 15126 7033 98876 99736 96357 53002 
1807 19
90073 49334 88360 48294 88738 60598 94259 97929 63275 93474 8010 55560 77216 86753 89163 74681 92886 7847 99187 
5030 20
43874 63887 44278 19728 98456 99897 42899 52071 36144 30735 57136 10444 90423 53718 82133 1763 66633 8186 35724 36814 
2239 14
49244 55178 81986 63510 52392 23243 41995 99831 29451 88410 40851 57647 51289 63856 
438 19
27092 63712 26861 79345 38629 89610 60434 69232 66175 11330 80223 15813 42082 32649 35054 99274 83889 35391 66969 
6334 13
68722 98173 38419 40838 51969 14638 44348 10336 62950 46690 83404 8278 81539 
8665 16
28944 19430 70889 52747 45781 14354 41158 87357 86722 11950 77940 23743 39045 41039 37733 38066 
47 13
20888 75264 27863 2269 82166 88949 98468 31594 13417 13740 73541 56843 40678 
6537 10
62561 93851 89357 31147 16189 49660 34347 17495 33790 47626 
8427 15
85437 33516 63169 79329 28841 3291 43211 10276 85828 82993 50819 79441 98543 82839 3442 
26 10
21296 38644 55793 79353 36834 89591 28825 57812 31193 18513 
9871 14
21955 70576 15113 63085 58231 80393 17117 92079 29061 47617 87836 15552 84703 1601 
1296 11
95991 45191 84642 95303 26826 9005 28937 88752 88340 19174 80466 
3854 18
34562 27739 28622 28893 32246 92790 20817 94929 76913 23882 84046 80787 23466 6534 55034 45850 69562 2245 
9561 15
84165 88051 23252 79246 12997 68202 46612 1847 68025 82360 30124 73363 75539 18515 84354 
721 17
42809 98272 62078 77425 73021 40463 81342 92272 51559 31835 38674 62111 62013 84289 41242 51798 27310 
1676 15
84112 30131 54584 14419 18676 63290 47734 76968 26087 80095 48718 71950 64768 97222 99340 
3814 13
82249 35415 14565 16914 53822 1699 22567 53898 77185 63341 81117 26582 92518 
9509 15
64473 24265 78419 64549 66103 10100 52293 76534 38383 26695 92439 82260 60900 21418 24596 
63 17
57221 77140 92940 25965 28879 34920 16242 93113 45240 30165 21716 63248 88126 33416 25008 55968 23223 
6779 18
24773 64426 47364 2282 47812 41851 55496 28854 64219 17379 26920 23458 32041 80698 81514 97360 42236 96152 
1308 19
98799 94006 78234 54475 18345 24003 47574 96708 42318 69792 5425 72568 49382 63857 45173 99755 33440 98811 42684 
6641 16
75785 83966 34905 25626 88013 18204 51814 94195 38892 5314 20004 83457 78931 78045 54873 39050 
2332 17
78865 71831 61375 8608 83197 9614 6909 99518 26491 11900 43089 88122 29573 7869 19251 45709 99934 
849 14
60047 81345 67989 19227 42160 44198 56977 8994 10004 72859 82637 57271 26172 8040 
1062 11
50429 84559 4562 22742 37161 12491 61726 29627 46832 11025 36696 
6903 11
35728 15214 41251 74448 39565 23066 13381 62287 13768 19931 69489 
8716 16
42320 40759 2018 26519 64669 14513 12953 82484 62425 79674 98892 16710 18082 97183 40822 68105 
7989 15
4181 33147 95793 92114 86559 39418 25304 46347 34694 12877 46874 31099 6800 80808 22925 
3627 13
51948 73974 34419 21800 881 83414 1307 32385 47682 58037 72534 95704 74605 
2838 13
78273 34113 36401 6317 20233 3529 87442 56117 67153 19113 47121 63851 95478 
9373 19
42278 8685 54309 14100 71619 30136 67642 43687 4743 66104 47709 12790 26149 86777 38801 63585 11392 70583 8126 
88 18
96717 83687 85299 8235 42841 15842 28074 95943 87879 30039 16584 13921 2478 83567 64710 71517 9925 92257 
5408 16
16106 76400 48945 74655 70424 80071 65560 54368 9079 18040 29436 17215 17041 91673 66077 19633 
655 19
44843 42177 52974 30685 24574 24555 65342 59836 68561 20849 85501 60994 9722 56913 43796 13495 36496 458 68712 
4896 14
30752 99428 34823 75906 24861 5714 42882 26182 51162 91706 3854 81826 64128 22356 
6644 20
34688 73905 67532 39066 43182 59710 32722 10816 2164 91504 34217 35676 60249 79918 87633 52990 47332 5281 62465 89990 
4312 15
64507 48902 36515 94750 731 99058 1857 17978 12108 40563 95081 99543 98144 32165 68283 
1495 12
94837 40382 90493 6648 89522 22452 84839 2675 26928 41984 99096 93892 
6121 15
70593 92690 7529 15951 91725 44895 21871 72974 67614 35530 96817 40124 77320 43645 82096 
5840 11
7579 62095 15468 18131 8068 9233 27613 7708 70067 39061 12494 
7362 19
44863 25474 37403 65453 19352 41627 20268 57354 69386 18756 7678 90788 3232 98195 21542 33847 57617 30868 11412 
2778 16
66600 95839 61039 5981 92159 75312 11107 7237 95289 6688 13424 12271 10732 64301 5212 53630 
5154 10
67175 10624 37053 20976 18386 68342 88666 27836 79618 68744 
6500 19
41780 73215 20652 99291 45027 4401 72995 23687 53992 18749 64823 78351 96711 9035 73916 98012 11085 2890 25719 
9496 16
98391 13615 73873 94658 48561 91416 57726 1530 74179 79773 18046 37815 96840 62496 58606 99645 
3561 20
14063 92728 92977 76132 30477 36781 69293 20460 55414 24286 26253 50011 25274 34048 25782 74799 82546 9167 44147 25835 
6223 20
49260 29192 57503 62864 11447 55216 84134 2721 69921 82908 68153 8786 18304 37731 14780 16131 94849 94882 67934 86393 
7970 13
87812 86976 84108 61664 67124 40650 79340 64937 68087 30821 56395 34313 99218 
586 13
13560 42305 17775 64167 124 83289 37371 76200 54612 90310 95113 80869 47248 
7611 11
56217 11570 71784 72767 30601 31248 38709 77532 18521 47914 53390 
5518 9
31128 59737 33826 22482 65759 53113 9698 3768 96274 
7767 13
70604 78904 32219 3455 78662 30572 89849 5580 82714 50653 15879 36340 24227 
2713 14
1491 5780 87799 7157 54338 72772 56119 75155 52255 40020 18480 44137 30921 84899 
1466 11
91699 20079 13167 98255 40255 5870 81197 97446 17274 48583 82007 
2022 16
22655 67434 78752 86338 19805 15175 39519 20722 40461 45013 50555 41513 97373 55342 70038 2424 
1972 20
70806 32437 33606 32969 74510 23587 47295 78954 8613 35132 81506 79347 78442 11627 74387 29462 65305 65662 59595 1204 
6956 19
95428 44889 53783 51478 4121 41029 17917 65207 46911 35034 9618 39583 91610 51266 69003 51299 24652 12022 23222 
6397 10
18190 28291 20287 96499 10572 27878 59867 14405 29550 50567 
4707 13
52851 85339 43031 32447 26328 17278 95990 60478 19297 22690 66824 61388 51038 
3068 14
23730 77485 70534 28107 61894 60717 41516 21611 91906 41654 31324 12661 99922 26332 
7319 18
36314 10583 84244 40709 88900 95178 71989 54509 28268 85819 21368 33150 78769 80990 65783 67527 36076 11146 
543 17
37868 5696 46146 44293 4937 725 19853 79899 38004 46859 27322 31781 80110 12440 41736 64299 58559 
7473 16
85764 45080 92219 91509 11411 80558 87335 9937 33143 61278 57140 32872 42330 23597 20594 53865 
